{"C:\\Users\\yarts\\OneDrive\\Desktop\\ВУЗ\\Информационные системы в экономике - Песковацков\\web-programming-course\\lessons\\lr5\\src\\components\\MainComponents\\FinishScreen.tsx": {"path":"C:\\Users\\yarts\\OneDrive\\Desktop\\ВУЗ\\Информационные системы в экономике - Песковацков\\web-programming-course\\lessons\\lr5\\src\\components\\MainComponents\\FinishScreen.tsx","all":false,"statementMap":{"0":{"start":{"line":1,"column":0},"end":{"line":1,"column":41}},"1":{"start":{"line":2,"column":0},"end":{"line":2,"column":44}},"2":{"start":{"line":3,"column":0},"end":{"line":3,"column":0}},"3":{"start":{"line":4,"column":0},"end":{"line":4,"column":32}},"4":{"start":{"line":5,"column":0},"end":{"line":5,"column":15}},"5":{"start":{"line":6,"column":0},"end":{"line":6,"column":16}},"6":{"start":{"line":7,"column":0},"end":{"line":7,"column":30}},"7":{"start":{"line":8,"column":0},"end":{"line":8,"column":24}},"8":{"start":{"line":9,"column":0},"end":{"line":9,"column":24}},"9":{"start":{"line":10,"column":0},"end":{"line":10,"column":1}},"10":{"start":{"line":11,"column":0},"end":{"line":11,"column":0}},"11":{"start":{"line":12,"column":0},"end":{"line":12,"column":42}},"12":{"start":{"line":13,"column":0},"end":{"line":13,"column":41}},"13":{"start":{"line":14,"column":0},"end":{"line":14,"column":55}},"14":{"start":{"line":15,"column":0},"end":{"line":15,"column":45}},"15":{"start":{"line":16,"column":0},"end":{"line":16,"column":44}},"16":{"start":{"line":17,"column":0},"end":{"line":17,"column":58}},"17":{"start":{"line":18,"column":0},"end":{"line":18,"column":5}},"18":{"start":{"line":19,"column":0},"end":{"line":19,"column":40}},"19":{"start":{"line":20,"column":0},"end":{"line":20,"column":37}},"20":{"start":{"line":21,"column":0},"end":{"line":21,"column":31}},"21":{"start":{"line":22,"column":0},"end":{"line":22,"column":0}},"22":{"start":{"line":23,"column":0},"end":{"line":23,"column":66}},"23":{"start":{"line":24,"column":0},"end":{"line":24,"column":73}},"24":{"start":{"line":25,"column":0},"end":{"line":25,"column":76}},"25":{"start":{"line":26,"column":0},"end":{"line":26,"column":79}},"26":{"start":{"line":27,"column":0},"end":{"line":27,"column":91}},"27":{"start":{"line":28,"column":0},"end":{"line":28,"column":10}},"28":{"start":{"line":29,"column":0},"end":{"line":29,"column":46}},"29":{"start":{"line":30,"column":0},"end":{"line":30,"column":46}},"30":{"start":{"line":31,"column":0},"end":{"line":31,"column":68}},"31":{"start":{"line":32,"column":0},"end":{"line":32,"column":12}},"32":{"start":{"line":33,"column":0},"end":{"line":33,"column":4}},"33":{"start":{"line":34,"column":0},"end":{"line":34,"column":30}},"34":{"start":{"line":35,"column":0},"end":{"line":35,"column":42}},"35":{"start":{"line":36,"column":0},"end":{"line":36,"column":42}},"36":{"start":{"line":37,"column":0},"end":{"line":37,"column":42}},"37":{"start":{"line":38,"column":0},"end":{"line":38,"column":20}},"38":{"start":{"line":39,"column":0},"end":{"line":39,"column":8}},"39":{"start":{"line":40,"column":0},"end":{"line":40,"column":0}},"40":{"start":{"line":41,"column":0},"end":{"line":41,"column":12}},"41":{"start":{"line":42,"column":0},"end":{"line":42,"column":145}},"42":{"start":{"line":43,"column":0},"end":{"line":43,"column":123}},"43":{"start":{"line":44,"column":0},"end":{"line":44,"column":59}},"44":{"start":{"line":45,"column":0},"end":{"line":45,"column":0}},"45":{"start":{"line":46,"column":0},"end":{"line":46,"column":65}},"46":{"start":{"line":47,"column":0},"end":{"line":47,"column":27}},"47":{"start":{"line":48,"column":0},"end":{"line":48,"column":15}},"48":{"start":{"line":49,"column":0},"end":{"line":49,"column":0}},"49":{"start":{"line":50,"column":0},"end":{"line":50,"column":32}},"50":{"start":{"line":51,"column":0},"end":{"line":51,"column":114}},"51":{"start":{"line":52,"column":0},"end":{"line":52,"column":21}},"52":{"start":{"line":53,"column":0},"end":{"line":53,"column":16}},"53":{"start":{"line":54,"column":0},"end":{"line":54,"column":57}},"54":{"start":{"line":55,"column":0},"end":{"line":55,"column":16}},"55":{"start":{"line":56,"column":0},"end":{"line":56,"column":0}},"56":{"start":{"line":57,"column":0},"end":{"line":57,"column":102}},"57":{"start":{"line":58,"column":0},"end":{"line":58,"column":50}},"58":{"start":{"line":59,"column":0},"end":{"line":59,"column":112}},"59":{"start":{"line":60,"column":0},"end":{"line":60,"column":16}},"60":{"start":{"line":61,"column":0},"end":{"line":61,"column":114}},"61":{"start":{"line":62,"column":0},"end":{"line":62,"column":27}},"62":{"start":{"line":63,"column":0},"end":{"line":63,"column":16}},"63":{"start":{"line":64,"column":0},"end":{"line":64,"column":16}},"64":{"start":{"line":65,"column":0},"end":{"line":65,"column":0}},"65":{"start":{"line":66,"column":0},"end":{"line":66,"column":17}},"66":{"start":{"line":67,"column":0},"end":{"line":67,"column":39}},"67":{"start":{"line":68,"column":0},"end":{"line":68,"column":151}},"68":{"start":{"line":69,"column":0},"end":{"line":69,"column":11}},"69":{"start":{"line":70,"column":0},"end":{"line":70,"column":24}},"70":{"start":{"line":71,"column":0},"end":{"line":71,"column":19}},"71":{"start":{"line":72,"column":0},"end":{"line":72,"column":14}},"72":{"start":{"line":73,"column":0},"end":{"line":73,"column":12}},"73":{"start":{"line":74,"column":0},"end":{"line":74,"column":6}},"74":{"start":{"line":75,"column":0},"end":{"line":75,"column":1}}},"s":{"0":1,"1":1,"2":1,"3":1,"4":1,"5":1,"6":1,"7":1,"8":1,"9":1,"10":1,"11":1,"12":16,"13":16,"14":16,"15":16,"16":16,"17":16,"18":16,"19":14,"20":2,"21":16,"22":16,"23":16,"24":16,"25":16,"26":16,"27":16,"28":16,"29":16,"30":15,"31":1,"32":16,"33":16,"34":16,"35":16,"36":16,"37":3,"38":16,"39":16,"40":16,"41":16,"42":16,"43":16,"44":16,"45":16,"46":16,"47":16,"48":16,"49":16,"50":16,"51":16,"52":16,"53":16,"54":16,"55":16,"56":16,"57":16,"58":16,"59":16,"60":16,"61":16,"62":16,"63":16,"64":16,"65":16,"66":16,"67":16,"68":16,"69":16,"70":16,"71":16,"72":16,"73":16,"74":16},"branchMap":{"0":{"type":"branch","line":12,"loc":{"start":{"line":12,"column":7},"end":{"line":75,"column":1}},"locations":[{"start":{"line":12,"column":7},"end":{"line":75,"column":1}}]},"1":{"type":"branch","line":19,"loc":{"start":{"line":19,"column":33},"end":{"line":20,"column":37}},"locations":[{"start":{"line":19,"column":33},"end":{"line":20,"column":37}}]},"2":{"type":"branch","line":20,"loc":{"start":{"line":20,"column":6},"end":{"line":21,"column":31}},"locations":[{"start":{"line":20,"column":6},"end":{"line":21,"column":31}}]},"3":{"type":"branch","line":23,"loc":{"start":{"line":23,"column":29},"end":{"line":23,"column":52}},"locations":[{"start":{"line":23,"column":29},"end":{"line":23,"column":52}}]},"4":{"type":"branch","line":23,"loc":{"start":{"line":23,"column":39},"end":{"line":23,"column":66}},"locations":[{"start":{"line":23,"column":39},"end":{"line":23,"column":66}}]},"5":{"type":"branch","line":24,"loc":{"start":{"line":24,"column":32},"end":{"line":24,"column":60}},"locations":[{"start":{"line":24,"column":32},"end":{"line":24,"column":60}}]},"6":{"type":"branch","line":24,"loc":{"start":{"line":24,"column":42},"end":{"line":24,"column":73}},"locations":[{"start":{"line":24,"column":42},"end":{"line":24,"column":73}}]},"7":{"type":"branch","line":25,"loc":{"start":{"line":25,"column":32},"end":{"line":25,"column":60}},"locations":[{"start":{"line":25,"column":32},"end":{"line":25,"column":60}}]},"8":{"type":"branch","line":25,"loc":{"start":{"line":25,"column":42},"end":{"line":25,"column":76}},"locations":[{"start":{"line":25,"column":42},"end":{"line":25,"column":76}}]},"9":{"type":"branch","line":26,"loc":{"start":{"line":26,"column":35},"end":{"line":26,"column":63}},"locations":[{"start":{"line":26,"column":35},"end":{"line":26,"column":63}}]},"10":{"type":"branch","line":26,"loc":{"start":{"line":26,"column":45},"end":{"line":26,"column":79}},"locations":[{"start":{"line":26,"column":45},"end":{"line":26,"column":79}}]},"11":{"type":"branch","line":27,"loc":{"start":{"line":27,"column":35},"end":{"line":27,"column":69}},"locations":[{"start":{"line":27,"column":35},"end":{"line":27,"column":69}}]},"12":{"type":"branch","line":27,"loc":{"start":{"line":27,"column":45},"end":{"line":27,"column":91}},"locations":[{"start":{"line":27,"column":45},"end":{"line":27,"column":91}}]},"13":{"type":"branch","line":30,"loc":{"start":{"line":30,"column":44},"end":{"line":31,"column":68}},"locations":[{"start":{"line":30,"column":44},"end":{"line":31,"column":68}}]},"14":{"type":"branch","line":31,"loc":{"start":{"line":31,"column":67},"end":{"line":32,"column":12}},"locations":[{"start":{"line":31,"column":67},"end":{"line":32,"column":12}}]},"15":{"type":"branch","line":51,"loc":{"start":{"line":51,"column":58},"end":{"line":51,"column":88}},"locations":[{"start":{"line":51,"column":58},"end":{"line":51,"column":88}}]},"16":{"type":"branch","line":51,"loc":{"start":{"line":51,"column":68},"end":{"line":51,"column":105}},"locations":[{"start":{"line":51,"column":68},"end":{"line":51,"column":105}}]},"17":{"type":"branch","line":57,"loc":{"start":{"line":57,"column":39},"end":{"line":57,"column":65}},"locations":[{"start":{"line":57,"column":39},"end":{"line":57,"column":65}}]},"18":{"type":"branch","line":57,"loc":{"start":{"line":57,"column":49},"end":{"line":57,"column":78}},"locations":[{"start":{"line":57,"column":49},"end":{"line":57,"column":78}}]},"19":{"type":"branch","line":61,"loc":{"start":{"line":61,"column":63},"end":{"line":61,"column":93}},"locations":[{"start":{"line":61,"column":63},"end":{"line":61,"column":93}}]},"20":{"type":"branch","line":61,"loc":{"start":{"line":61,"column":73},"end":{"line":61,"column":110}},"locations":[{"start":{"line":61,"column":73},"end":{"line":61,"column":110}}]},"21":{"type":"branch","line":34,"loc":{"start":{"line":34,"column":23},"end":{"line":39,"column":8}},"locations":[{"start":{"line":34,"column":23},"end":{"line":39,"column":8}}]},"22":{"type":"branch","line":35,"loc":{"start":{"line":35,"column":30},"end":{"line":35,"column":42}},"locations":[{"start":{"line":35,"column":30},"end":{"line":35,"column":42}}]},"23":{"type":"branch","line":35,"loc":{"start":{"line":35,"column":37},"end":{"line":36,"column":37}},"locations":[{"start":{"line":35,"column":37},"end":{"line":36,"column":37}}]},"24":{"type":"branch","line":36,"loc":{"start":{"line":36,"column":30},"end":{"line":36,"column":42}},"locations":[{"start":{"line":36,"column":30},"end":{"line":36,"column":42}}]},"25":{"type":"branch","line":36,"loc":{"start":{"line":36,"column":37},"end":{"line":37,"column":37}},"locations":[{"start":{"line":36,"column":37},"end":{"line":37,"column":37}}]},"26":{"type":"branch","line":37,"loc":{"start":{"line":37,"column":30},"end":{"line":37,"column":42}},"locations":[{"start":{"line":37,"column":30},"end":{"line":37,"column":42}}]},"27":{"type":"branch","line":37,"loc":{"start":{"line":37,"column":37},"end":{"line":38,"column":20}},"locations":[{"start":{"line":37,"column":37},"end":{"line":38,"column":20}}]},"28":{"type":"branch","line":67,"loc":{"start":{"line":67,"column":21},"end":{"line":67,"column":39}},"locations":[{"start":{"line":67,"column":21},"end":{"line":67,"column":39}}]}},"b":{"0":[16],"1":[14],"2":[2],"3":[14],"4":[2],"5":[14],"6":[2],"7":[14],"8":[2],"9":[14],"10":[2],"11":[14],"12":[2],"13":[15],"14":[1],"15":[14],"16":[2],"17":[14],"18":[2],"19":[14],"20":[2],"21":[16],"22":[10],"23":[6],"24":[2],"25":[4],"26":[1],"27":[3],"28":[1]},"fnMap":{"0":{"name":"FinishComponent","decl":{"start":{"line":12,"column":7},"end":{"line":75,"column":1}},"loc":{"start":{"line":12,"column":7},"end":{"line":75,"column":1}},"line":12},"1":{"name":"getEmoji","decl":{"start":{"line":34,"column":23},"end":{"line":39,"column":8}},"loc":{"start":{"line":34,"column":23},"end":{"line":39,"column":8}},"line":34},"2":{"name":"onClick","decl":{"start":{"line":67,"column":21},"end":{"line":67,"column":39}},"loc":{"start":{"line":67,"column":21},"end":{"line":67,"column":39}},"line":67}},"f":{"0":16,"1":16,"2":1}}
,"C:\\Users\\yarts\\OneDrive\\Desktop\\ВУЗ\\Информационные системы в экономике - Песковацков\\web-programming-course\\lessons\\lr5\\src\\components\\MainComponents\\start.tsx": {"path":"C:\\Users\\yarts\\OneDrive\\Desktop\\ВУЗ\\Информационные системы в экономике - Песковацков\\web-programming-course\\lessons\\lr5\\src\\components\\MainComponents\\start.tsx","all":false,"statementMap":{"0":{"start":{"line":1,"column":0},"end":{"line":1,"column":41}},"1":{"start":{"line":2,"column":0},"end":{"line":2,"column":0}},"2":{"start":{"line":3,"column":0},"end":{"line":3,"column":31}},"3":{"start":{"line":4,"column":0},"end":{"line":4,"column":15}},"4":{"start":{"line":5,"column":0},"end":{"line":5,"column":24}},"5":{"start":{"line":6,"column":0},"end":{"line":6,"column":28}},"6":{"start":{"line":7,"column":0},"end":{"line":7,"column":30}},"7":{"start":{"line":8,"column":0},"end":{"line":8,"column":1}},"8":{"start":{"line":9,"column":0},"end":{"line":9,"column":0}},"9":{"start":{"line":10,"column":0},"end":{"line":10,"column":41}},"10":{"start":{"line":11,"column":0},"end":{"line":11,"column":46}},"11":{"start":{"line":12,"column":0},"end":{"line":12,"column":44}},"12":{"start":{"line":13,"column":0},"end":{"line":13,"column":73}},"13":{"start":{"line":14,"column":0},"end":{"line":14,"column":5}},"14":{"start":{"line":15,"column":0},"end":{"line":15,"column":40}},"15":{"start":{"line":16,"column":0},"end":{"line":16,"column":37}},"16":{"start":{"line":17,"column":0},"end":{"line":17,"column":31}},"17":{"start":{"line":18,"column":0},"end":{"line":18,"column":0}},"18":{"start":{"line":19,"column":0},"end":{"line":19,"column":66}},"19":{"start":{"line":20,"column":0},"end":{"line":20,"column":73}},"20":{"start":{"line":21,"column":0},"end":{"line":21,"column":76}},"21":{"start":{"line":22,"column":0},"end":{"line":22,"column":79}},"22":{"start":{"line":23,"column":0},"end":{"line":23,"column":91}},"23":{"start":{"line":24,"column":0},"end":{"line":24,"column":0}},"24":{"start":{"line":25,"column":0},"end":{"line":25,"column":12}},"25":{"start":{"line":26,"column":0},"end":{"line":26,"column":147}},"26":{"start":{"line":27,"column":0},"end":{"line":27,"column":115}},"27":{"start":{"line":28,"column":0},"end":{"line":28,"column":38}},"28":{"start":{"line":29,"column":0},"end":{"line":29,"column":51}},"29":{"start":{"line":30,"column":0},"end":{"line":30,"column":23}},"30":{"start":{"line":31,"column":0},"end":{"line":31,"column":37}},"31":{"start":{"line":32,"column":0},"end":{"line":32,"column":151}},"32":{"start":{"line":33,"column":0},"end":{"line":33,"column":17}},"33":{"start":{"line":34,"column":0},"end":{"line":34,"column":49}},"34":{"start":{"line":35,"column":0},"end":{"line":35,"column":25}},"35":{"start":{"line":36,"column":0},"end":{"line":36,"column":18}},"36":{"start":{"line":37,"column":0},"end":{"line":37,"column":0}},"37":{"start":{"line":38,"column":0},"end":{"line":38,"column":79}},"38":{"start":{"line":39,"column":0},"end":{"line":39,"column":25}},"39":{"start":{"line":40,"column":0},"end":{"line":40,"column":17}},"40":{"start":{"line":41,"column":0},"end":{"line":41,"column":85}},"41":{"start":{"line":42,"column":0},"end":{"line":42,"column":67}},"42":{"start":{"line":43,"column":0},"end":{"line":43,"column":50}},"43":{"start":{"line":44,"column":0},"end":{"line":44,"column":16}},"44":{"start":{"line":45,"column":0},"end":{"line":45,"column":0}},"45":{"start":{"line":46,"column":0},"end":{"line":46,"column":19}},"46":{"start":{"line":47,"column":0},"end":{"line":47,"column":49}},"47":{"start":{"line":48,"column":0},"end":{"line":48,"column":155}},"48":{"start":{"line":49,"column":0},"end":{"line":49,"column":13}},"49":{"start":{"line":50,"column":0},"end":{"line":50,"column":27}},"50":{"start":{"line":51,"column":0},"end":{"line":51,"column":21}},"51":{"start":{"line":52,"column":0},"end":{"line":52,"column":0}},"52":{"start":{"line":53,"column":0},"end":{"line":53,"column":59}},"53":{"start":{"line":54,"column":0},"end":{"line":54,"column":105}},"54":{"start":{"line":55,"column":0},"end":{"line":55,"column":105}},"55":{"start":{"line":56,"column":0},"end":{"line":56,"column":66}},"56":{"start":{"line":57,"column":0},"end":{"line":57,"column":20}},"57":{"start":{"line":58,"column":0},"end":{"line":58,"column":111}},"58":{"start":{"line":59,"column":0},"end":{"line":59,"column":80}},"59":{"start":{"line":60,"column":0},"end":{"line":60,"column":78}},"60":{"start":{"line":61,"column":0},"end":{"line":61,"column":21}},"61":{"start":{"line":62,"column":0},"end":{"line":62,"column":18}},"62":{"start":{"line":63,"column":0},"end":{"line":63,"column":18}},"63":{"start":{"line":64,"column":0},"end":{"line":64,"column":14}},"64":{"start":{"line":65,"column":0},"end":{"line":65,"column":10}},"65":{"start":{"line":66,"column":0},"end":{"line":66,"column":1}}},"s":{"0":1,"1":1,"2":1,"3":1,"4":1,"5":1,"6":1,"7":1,"8":1,"9":1,"10":11,"11":11,"12":11,"13":11,"14":11,"15":9,"16":2,"17":11,"18":11,"19":11,"20":11,"21":11,"22":11,"23":11,"24":11,"25":11,"26":11,"27":11,"28":11,"29":11,"30":11,"31":11,"32":11,"33":11,"34":11,"35":11,"36":11,"37":11,"38":11,"39":11,"40":11,"41":11,"42":11,"43":11,"44":11,"45":11,"46":11,"47":11,"48":11,"49":11,"50":11,"51":11,"52":11,"53":11,"54":11,"55":11,"56":11,"57":11,"58":11,"59":11,"60":11,"61":11,"62":11,"63":11,"64":11,"65":11},"branchMap":{"0":{"type":"branch","line":10,"loc":{"start":{"line":10,"column":7},"end":{"line":66,"column":1}},"locations":[{"start":{"line":10,"column":7},"end":{"line":66,"column":1}}]},"1":{"type":"branch","line":15,"loc":{"start":{"line":15,"column":33},"end":{"line":16,"column":37}},"locations":[{"start":{"line":15,"column":33},"end":{"line":16,"column":37}}]},"2":{"type":"branch","line":16,"loc":{"start":{"line":16,"column":6},"end":{"line":17,"column":31}},"locations":[{"start":{"line":16,"column":6},"end":{"line":17,"column":31}}]},"3":{"type":"branch","line":19,"loc":{"start":{"line":19,"column":29},"end":{"line":19,"column":52}},"locations":[{"start":{"line":19,"column":29},"end":{"line":19,"column":52}}]},"4":{"type":"branch","line":19,"loc":{"start":{"line":19,"column":39},"end":{"line":19,"column":66}},"locations":[{"start":{"line":19,"column":39},"end":{"line":19,"column":66}}]},"5":{"type":"branch","line":20,"loc":{"start":{"line":20,"column":32},"end":{"line":20,"column":60}},"locations":[{"start":{"line":20,"column":32},"end":{"line":20,"column":60}}]},"6":{"type":"branch","line":20,"loc":{"start":{"line":20,"column":42},"end":{"line":20,"column":73}},"locations":[{"start":{"line":20,"column":42},"end":{"line":20,"column":73}}]},"7":{"type":"branch","line":21,"loc":{"start":{"line":21,"column":32},"end":{"line":21,"column":60}},"locations":[{"start":{"line":21,"column":32},"end":{"line":21,"column":60}}]},"8":{"type":"branch","line":21,"loc":{"start":{"line":21,"column":42},"end":{"line":21,"column":76}},"locations":[{"start":{"line":21,"column":42},"end":{"line":21,"column":76}}]},"9":{"type":"branch","line":22,"loc":{"start":{"line":22,"column":35},"end":{"line":22,"column":63}},"locations":[{"start":{"line":22,"column":35},"end":{"line":22,"column":63}}]},"10":{"type":"branch","line":22,"loc":{"start":{"line":22,"column":45},"end":{"line":22,"column":79}},"locations":[{"start":{"line":22,"column":45},"end":{"line":22,"column":79}}]},"11":{"type":"branch","line":23,"loc":{"start":{"line":23,"column":35},"end":{"line":23,"column":69}},"locations":[{"start":{"line":23,"column":35},"end":{"line":23,"column":69}}]},"12":{"type":"branch","line":23,"loc":{"start":{"line":23,"column":45},"end":{"line":23,"column":91}},"locations":[{"start":{"line":23,"column":45},"end":{"line":23,"column":91}}]},"13":{"type":"branch","line":32,"loc":{"start":{"line":32,"column":55},"end":{"line":32,"column":99}},"locations":[{"start":{"line":32,"column":55},"end":{"line":32,"column":99}}]},"14":{"type":"branch","line":32,"loc":{"start":{"line":32,"column":65},"end":{"line":32,"column":130}},"locations":[{"start":{"line":32,"column":65},"end":{"line":32,"column":130}}]},"15":{"type":"branch","line":34,"loc":{"start":{"line":34,"column":27},"end":{"line":34,"column":44}},"locations":[{"start":{"line":34,"column":27},"end":{"line":34,"column":44}}]},"16":{"type":"branch","line":34,"loc":{"start":{"line":34,"column":37},"end":{"line":34,"column":49}},"locations":[{"start":{"line":34,"column":37},"end":{"line":34,"column":49}}]},"17":{"type":"branch","line":43,"loc":{"start":{"line":43,"column":23},"end":{"line":43,"column":45}},"locations":[{"start":{"line":43,"column":23},"end":{"line":43,"column":45}}]},"18":{"type":"branch","line":43,"loc":{"start":{"line":43,"column":38},"end":{"line":43,"column":50}},"locations":[{"start":{"line":43,"column":38},"end":{"line":43,"column":50}}]},"19":{"type":"branch","line":54,"loc":{"start":{"line":54,"column":61},"end":{"line":54,"column":88}},"locations":[{"start":{"line":54,"column":61},"end":{"line":54,"column":88}}]},"20":{"type":"branch","line":54,"loc":{"start":{"line":54,"column":71},"end":{"line":54,"column":101}},"locations":[{"start":{"line":54,"column":71},"end":{"line":54,"column":101}}]},"21":{"type":"branch","line":55,"loc":{"start":{"line":55,"column":51},"end":{"line":55,"column":81}},"locations":[{"start":{"line":55,"column":51},"end":{"line":55,"column":81}}]},"22":{"type":"branch","line":55,"loc":{"start":{"line":55,"column":61},"end":{"line":55,"column":96}},"locations":[{"start":{"line":55,"column":61},"end":{"line":55,"column":96}}]},"23":{"type":"branch","line":58,"loc":{"start":{"line":58,"column":52},"end":{"line":58,"column":82}},"locations":[{"start":{"line":58,"column":52},"end":{"line":58,"column":82}}]},"24":{"type":"branch","line":58,"loc":{"start":{"line":58,"column":62},"end":{"line":58,"column":97}},"locations":[{"start":{"line":58,"column":62},"end":{"line":58,"column":97}}]},"25":{"type":"branch","line":47,"loc":{"start":{"line":47,"column":25},"end":{"line":47,"column":49}},"locations":[{"start":{"line":47,"column":25},"end":{"line":47,"column":49}}]}},"b":{"0":[11],"1":[9],"2":[2],"3":[9],"4":[2],"5":[9],"6":[2],"7":[9],"8":[2],"9":[9],"10":[2],"11":[9],"12":[2],"13":[9],"14":[2],"15":[9],"16":[2],"17":[10],"18":[1],"19":[9],"20":[2],"21":[9],"22":[2],"23":[9],"24":[2],"25":[1]},"fnMap":{"0":{"name":"StartComponent","decl":{"start":{"line":10,"column":7},"end":{"line":66,"column":1}},"loc":{"start":{"line":10,"column":7},"end":{"line":66,"column":1}},"line":10},"1":{"name":"onClick","decl":{"start":{"line":47,"column":25},"end":{"line":47,"column":49}},"loc":{"start":{"line":47,"column":25},"end":{"line":47,"column":49}},"line":47}},"f":{"0":11,"1":1}}
}
