{"D:\\Лабы\\4_курс\\1 сем\\Песковацков\\lr7\\lr7\\src\\components\\quiz\\EssayQuestion.tsx": {"path":"D:\\Лабы\\4_курс\\1 сем\\Песковацков\\lr7\\lr7\\src\\components\\quiz\\EssayQuestion.tsx","statementMap":{"0":{"start":{"line":11,"column":22},"end":{"line":41,"column":null}},"1":{"start":{"line":17,"column":8},"end":{"line":17,"column":null}},"2":{"start":{"line":17,"column":36},"end":{"line":17,"column":47}},"3":{"start":{"line":18,"column":20},"end":{"line":18,"column":null}},"4":{"start":{"line":20,"column":2},"end":{"line":39,"column":null}},"5":{"start":{"line":24,"column":23},"end":{"line":24,"column":null}}},"fnMap":{"0":{"name":"(anonymous_0)","decl":{"start":{"line":11,"column":22},"end":{"line":11,"column":23}},"loc":{"start":{"line":16,"column":26},"end":{"line":41,"column":null}},"line":16},"1":{"name":"(anonymous_1)","decl":{"start":{"line":17,"column":27},"end":{"line":17,"column":36}},"loc":{"start":{"line":17,"column":36},"end":{"line":17,"column":47}},"line":17},"2":{"name":"(anonymous_2)","decl":{"start":{"line":24,"column":18},"end":{"line":24,"column":23}},"loc":{"start":{"line":24,"column":23},"end":{"line":24,"column":null}},"line":24}},"branchMap":{"0":{"loc":{"start":{"line":15,"column":2},"end":{"line":15,"column":null}},"type":"default-arg","locations":[{"start":{"line":15,"column":13},"end":{"line":15,"column":null}}],"line":15},"1":{"loc":{"start":{"line":18,"column":20},"end":{"line":18,"column":null}},"type":"cond-expr","locations":[{"start":{"line":18,"column":40},"end":{"line":18,"column":58}},{"start":{"line":18,"column":58},"end":{"line":18,"column":null}}],"line":18},"2":{"loc":{"start":{"line":30,"column":10},"end":{"line":32,"column":null}},"type":"cond-expr","locations":[{"start":{"line":31,"column":14},"end":{"line":31,"column":null}},{"start":{"line":32,"column":14},"end":{"line":32,"column":null}}],"line":30},"3":{"loc":{"start":{"line":37,"column":9},"end":{"line":37,"column":null}},"type":"binary-expr","locations":[{"start":{"line":37,"column":9},"end":{"line":37,"column":31}},{"start":{"line":37,"column":31},"end":{"line":37,"column":null}}],"line":37}},"s":{"0":1,"1":6,"2":6,"3":6,"4":6,"5":1},"f":{"0":6,"1":6,"2":1},"b":{"0":[6],"1":[6,0],"2":[6,0],"3":[6,6]},"meta":{"lastBranch":4,"lastFunction":3,"lastStatement":6,"seen":{"s:11:22:41:Infinity":0,"f:11:22:11:23":0,"b:15:13:15:Infinity":0,"s:17:8:17:Infinity":1,"f:17:27:17:36":1,"s:17:36:17:47":2,"s:18:20:18:Infinity":3,"b:18:40:18:58:18:58:18:Infinity":1,"s:20:2:39:Infinity":4,"f:24:18:24:23":2,"s:24:23:24:Infinity":5,"b:31:14:31:Infinity:32:14:32:Infinity":2,"b:37:9:37:31:37:31:37:Infinity":3}}}
,"D:\\Лабы\\4_курс\\1 сем\\Песковацков\\lr7\\lr7\\src\\components\\quiz\\MultipleSelectQuestion.tsx": {"path":"D:\\Лабы\\4_курс\\1 сем\\Песковацков\\lr7\\lr7\\src\\components\\quiz\\MultipleSelectQuestion.tsx","statementMap":{"0":{"start":{"line":12,"column":6},"end":{"line":84,"column":null}},"1":{"start":{"line":18,"column":10},"end":{"line":18,"column":null}},"2":{"start":{"line":18,"column":38},"end":{"line":18,"column":49}},"3":{"start":{"line":19,"column":22},"end":{"line":19,"column":null}},"4":{"start":{"line":21,"column":4},"end":{"line":81,"column":null}},"5":{"start":{"line":24,"column":29},"end":{"line":24,"column":null}},"6":{"start":{"line":25,"column":28},"end":{"line":25,"column":null}},"7":{"start":{"line":26,"column":29},"end":{"line":26,"column":null}},"8":{"start":{"line":28,"column":10},"end":{"line":78,"column":null}},"9":{"start":{"line":31,"column":29},"end":{"line":31,"column":null}}},"fnMap":{"0":{"name":"(anonymous_0)","decl":{"start":{"line":13,"column":2},"end":{"line":13,"column":3}},"loc":{"start":{"line":17,"column":37},"end":{"line":83,"column":null}},"line":17},"1":{"name":"(anonymous_1)","decl":{"start":{"line":18,"column":29},"end":{"line":18,"column":38}},"loc":{"start":{"line":18,"column":38},"end":{"line":18,"column":49}},"line":18},"2":{"name":"(anonymous_2)","decl":{"start":{"line":23,"column":31},"end":{"line":23,"column":32}},"loc":{"start":{"line":23,"column":50},"end":{"line":80,"column":9}},"line":23},"3":{"name":"(anonymous_3)","decl":{"start":{"line":31,"column":23},"end":{"line":31,"column":29}},"loc":{"start":{"line":31,"column":29},"end":{"line":31,"column":null}},"line":31}},"branchMap":{"0":{"loc":{"start":{"line":16,"column":4},"end":{"line":16,"column":null}},"type":"default-arg","locations":[{"start":{"line":16,"column":15},"end":{"line":16,"column":null}}],"line":16},"1":{"loc":{"start":{"line":19,"column":22},"end":{"line":19,"column":null}},"type":"cond-expr","locations":[{"start":{"line":19,"column":42},"end":{"line":19,"column":60}},{"start":{"line":19,"column":60},"end":{"line":19,"column":null}}],"line":19},"2":{"loc":{"start":{"line":34,"column":16},"end":{"line":36,"column":null}},"type":"binary-expr","locations":[{"start":{"line":34,"column":16},"end":{"line":34,"column":null}},{"start":{"line":35,"column":16},"end":{"line":35,"column":null}},{"start":{"line":36,"column":16},"end":{"line":36,"column":null}}],"line":34},"3":{"loc":{"start":{"line":38,"column":16},"end":{"line":40,"column":null}},"type":"binary-expr","locations":[{"start":{"line":38,"column":16},"end":{"line":38,"column":null}},{"start":{"line":39,"column":16},"end":{"line":39,"column":null}},{"start":{"line":40,"column":16},"end":{"line":40,"column":null}}],"line":38},"4":{"loc":{"start":{"line":42,"column":16},"end":{"line":46,"column":null}},"type":"binary-expr","locations":[{"start":{"line":42,"column":16},"end":{"line":42,"column":null}},{"start":{"line":43,"column":16},"end":{"line":43,"column":null}},{"start":{"line":44,"column":17},"end":{"line":46,"column":null}}],"line":42},"5":{"loc":{"start":{"line":44,"column":17},"end":{"line":46,"column":null}},"type":"cond-expr","locations":[{"start":{"line":45,"column":20},"end":{"line":45,"column":null}},{"start":{"line":46,"column":20},"end":{"line":46,"column":null}}],"line":44},"6":{"loc":{"start":{"line":48,"column":16},"end":{"line":52,"column":null}},"type":"binary-expr","locations":[{"start":{"line":48,"column":16},"end":{"line":48,"column":null}},{"start":{"line":49,"column":16},"end":{"line":49,"column":null}},{"start":{"line":50,"column":17},"end":{"line":52,"column":null}}],"line":48},"7":{"loc":{"start":{"line":50,"column":17},"end":{"line":52,"column":null}},"type":"cond-expr","locations":[{"start":{"line":51,"column":20},"end":{"line":51,"column":null}},{"start":{"line":52,"column":20},"end":{"line":52,"column":null}}],"line":50},"8":{"loc":{"start":{"line":53,"column":18},"end":{"line":53,"column":75}},"type":"binary-expr","locations":[{"start":{"line":53,"column":18},"end":{"line":53,"column":32}},{"start":{"line":53,"column":32},"end":{"line":53,"column":45}},{"start":{"line":53,"column":45},"end":{"line":53,"column":75}}],"line":53},"9":{"loc":{"start":{"line":54,"column":16},"end":{"line":57,"column":null}},"type":"binary-expr","locations":[{"start":{"line":54,"column":16},"end":{"line":54,"column":null}},{"start":{"line":55,"column":16},"end":{"line":55,"column":null}},{"start":{"line":56,"column":16},"end":{"line":56,"column":null}},{"start":{"line":57,"column":16},"end":{"line":57,"column":null}}],"line":54},"10":{"loc":{"start":{"line":58,"column":18},"end":{"line":58,"column":73}},"type":"binary-expr","locations":[{"start":{"line":58,"column":18},"end":{"line":58,"column":32}},{"start":{"line":58,"column":32},"end":{"line":58,"column":46}},{"start":{"line":58,"column":46},"end":{"line":58,"column":61}},{"start":{"line":58,"column":61},"end":{"line":58,"column":73}}],"line":58},"11":{"loc":{"start":{"line":63,"column":20},"end":{"line":66,"column":null}},"type":"binary-expr","locations":[{"start":{"line":63,"column":20},"end":{"line":63,"column":null}},{"start":{"line":64,"column":21},"end":{"line":66,"column":null}}],"line":63},"12":{"loc":{"start":{"line":64,"column":21},"end":{"line":66,"column":null}},"type":"cond-expr","locations":[{"start":{"line":65,"column":24},"end":{"line":65,"column":null}},{"start":{"line":66,"column":24},"end":{"line":66,"column":null}}],"line":64},"13":{"loc":{"start":{"line":68,"column":20},"end":{"line":71,"column":null}},"type":"binary-expr","locations":[{"start":{"line":68,"column":20},"end":{"line":68,"column":null}},{"start":{"line":69,"column":21},"end":{"line":71,"column":null}}],"line":68},"14":{"loc":{"start":{"line":69,"column":21},"end":{"line":71,"column":null}},"type":"cond-expr","locations":[{"start":{"line":70,"column":24},"end":{"line":70,"column":null}},{"start":{"line":71,"column":24},"end":{"line":71,"column":null}}],"line":69},"15":{"loc":{"start":{"line":74,"column":19},"end":{"line":74,"column":null}},"type":"cond-expr","locations":[{"start":{"line":74,"column":32},"end":{"line":74,"column":38}},{"start":{"line":74,"column":38},"end":{"line":74,"column":null}}],"line":74}},"s":{"0":1,"1":5,"2":5,"3":5,"4":5,"5":20,"6":20,"7":20,"8":20,"9":1},"f":{"0":5,"1":5,"2":20,"3":1},"b":{"0":[5],"1":[5,0],"2":[20,20,20],"3":[20,20,0],"4":[20,20,19],"5":[19,0],"6":[20,20,1],"7":[1,0],"8":[20,0,0],"9":[20,0,0,0],"10":[20,0,0,0],"11":[20,19],"12":[19,0],"13":[20,1],"14":[1,0],"15":[1,19]},"meta":{"lastBranch":16,"lastFunction":4,"lastStatement":10,"seen":{"s:12:6:84:Infinity":0,"f:13:2:13:3":0,"b:16:15:16:Infinity":0,"s:18:10:18:Infinity":1,"f:18:29:18:38":1,"s:18:38:18:49":2,"s:19:22:19:Infinity":3,"b:19:42:19:60:19:60:19:Infinity":1,"s:21:4:81:Infinity":4,"f:23:31:23:32":2,"s:24:29:24:Infinity":5,"s:25:28:25:Infinity":6,"s:26:29:26:Infinity":7,"s:28:10:78:Infinity":8,"f:31:23:31:29":3,"s:31:29:31:Infinity":9,"b:34:16:34:Infinity:35:16:35:Infinity:36:16:36:Infinity":2,"b:38:16:38:Infinity:39:16:39:Infinity:40:16:40:Infinity":3,"b:42:16:42:Infinity:43:16:43:Infinity:44:17:46:Infinity":4,"b:45:20:45:Infinity:46:20:46:Infinity":5,"b:48:16:48:Infinity:49:16:49:Infinity:50:17:52:Infinity":6,"b:51:20:51:Infinity:52:20:52:Infinity":7,"b:53:18:53:32:53:32:53:45:53:45:53:75":8,"b:54:16:54:Infinity:55:16:55:Infinity:56:16:56:Infinity:57:16:57:Infinity":9,"b:58:18:58:32:58:32:58:46:58:46:58:61:58:61:58:73":10,"b:63:20:63:Infinity:64:21:66:Infinity":11,"b:65:24:65:Infinity:66:24:66:Infinity":12,"b:68:20:68:Infinity:69:21:71:Infinity":13,"b:70:24:70:Infinity:71:24:71:Infinity":14,"b:74:32:74:38:74:38:74:Infinity":15}}}
,"D:\\Лабы\\4_курс\\1 сем\\Песковацков\\lr7\\lr7\\src\\components\\quiz\\QuizButton.tsx": {"path":"D:\\Лабы\\4_курс\\1 сем\\Песковацков\\lr7\\lr7\\src\\components\\quiz\\QuizButton.tsx","statementMap":{"0":{"start":{"line":11,"column":19},"end":{"line":35,"column":null}},"1":{"start":{"line":18,"column":8},"end":{"line":18,"column":null}},"2":{"start":{"line":18,"column":36},"end":{"line":18,"column":47}},"3":{"start":{"line":20,"column":23},"end":{"line":20,"column":null}},"4":{"start":{"line":22,"column":4},"end":{"line":22,"column":null}},"5":{"start":{"line":24,"column":21},"end":{"line":24,"column":null}},"6":{"start":{"line":26,"column":2},"end":{"line":33,"column":null}}},"fnMap":{"0":{"name":"(anonymous_0)","decl":{"start":{"line":11,"column":19},"end":{"line":11,"column":20}},"loc":{"start":{"line":17,"column":23},"end":{"line":35,"column":null}},"line":17},"1":{"name":"(anonymous_1)","decl":{"start":{"line":18,"column":27},"end":{"line":18,"column":36}},"loc":{"start":{"line":18,"column":36},"end":{"line":18,"column":47}},"line":18}},"branchMap":{"0":{"loc":{"start":{"line":13,"column":2},"end":{"line":13,"column":null}},"type":"default-arg","locations":[{"start":{"line":13,"column":13},"end":{"line":13,"column":null}}],"line":13},"1":{"loc":{"start":{"line":15,"column":2},"end":{"line":15,"column":null}},"type":"default-arg","locations":[{"start":{"line":15,"column":14},"end":{"line":15,"column":null}}],"line":15},"2":{"loc":{"start":{"line":16,"column":2},"end":{"line":16,"column":null}},"type":"default-arg","locations":[{"start":{"line":16,"column":12},"end":{"line":16,"column":null}}],"line":16},"3":{"loc":{"start":{"line":20,"column":23},"end":{"line":20,"column":null}},"type":"cond-expr","locations":[{"start":{"line":20,"column":43},"end":{"line":20,"column":61}},{"start":{"line":20,"column":61},"end":{"line":20,"column":null}}],"line":20},"4":{"loc":{"start":{"line":22,"column":4},"end":{"line":22,"column":null}},"type":"cond-expr","locations":[{"start":{"line":22,"column":24},"end":{"line":22,"column":48}},{"start":{"line":22,"column":48},"end":{"line":22,"column":null}}],"line":22},"5":{"loc":{"start":{"line":24,"column":21},"end":{"line":24,"column":null}},"type":"cond-expr","locations":[{"start":{"line":24,"column":43},"end":{"line":24,"column":73}},{"start":{"line":24,"column":73},"end":{"line":24,"column":null}}],"line":24},"6":{"loc":{"start":{"line":30,"column":20},"end":{"line":30,"column":45}},"type":"cond-expr","locations":[{"start":{"line":30,"column":32},"end":{"line":30,"column":43}},{"start":{"line":30,"column":43},"end":{"line":30,"column":45}}],"line":30}},"s":{"0":2,"1":9,"2":10,"3":9,"4":9,"5":9,"6":9},"f":{"0":9,"1":10},"b":{"0":[9],"1":[9],"2":[9],"3":[7,2],"4":[7,2],"5":[6,3],"6":[9,0]},"meta":{"lastBranch":7,"lastFunction":2,"lastStatement":7,"seen":{"s:11:19:35:Infinity":0,"f:11:19:11:20":0,"b:13:13:13:Infinity":0,"b:15:14:15:Infinity":1,"b:16:12:16:Infinity":2,"s:18:8:18:Infinity":1,"f:18:27:18:36":1,"s:18:36:18:47":2,"s:20:23:20:Infinity":3,"b:20:43:20:61:20:61:20:Infinity":3,"s:22:4:22:Infinity":4,"b:22:24:22:48:22:48:22:Infinity":4,"s:24:21:24:Infinity":5,"b:24:43:24:73:24:73:24:Infinity":5,"s:26:2:33:Infinity":6,"b:30:32:30:43:30:43:30:45":6}}}
,"D:\\Лабы\\4_курс\\1 сем\\Песковацков\\lr7\\lr7\\src\\screens\\StartScreen.tsx": {"path":"D:\\Лабы\\4_курс\\1 сем\\Песковацков\\lr7\\lr7\\src\\screens\\StartScreen.tsx","statementMap":{"0":{"start":{"line":9,"column":20},"end":{"line":84,"column":null}},"1":{"start":{"line":10,"column":8},"end":{"line":10,"column":null}},"2":{"start":{"line":10,"column":36},"end":{"line":10,"column":47}},"3":{"start":{"line":11,"column":8},"end":{"line":11,"column":null}},"4":{"start":{"line":11,"column":43},"end":{"line":11,"column":61}},"5":{"start":{"line":12,"column":8},"end":{"line":12,"column":null}},"6":{"start":{"line":12,"column":42},"end":{"line":12,"column":59}},"7":{"start":{"line":15,"column":4},"end":{"line":17,"column":null}},"8":{"start":{"line":18,"column":17},"end":{"line":18,"column":null}},"9":{"start":{"line":19,"column":20},"end":{"line":19,"column":null}},"10":{"start":{"line":20,"column":20},"end":{"line":20,"column":null}},"11":{"start":{"line":22,"column":2},"end":{"line":82,"column":null}}},"fnMap":{"0":{"name":"(anonymous_0)","decl":{"start":{"line":9,"column":20},"end":{"line":9,"column":21}},"loc":{"start":{"line":9,"column":66},"end":{"line":84,"column":null}},"line":9},"1":{"name":"(anonymous_1)","decl":{"start":{"line":10,"column":27},"end":{"line":10,"column":36}},"loc":{"start":{"line":10,"column":36},"end":{"line":10,"column":47}},"line":10},"2":{"name":"(anonymous_2)","decl":{"start":{"line":11,"column":34},"end":{"line":11,"column":43}},"loc":{"start":{"line":11,"column":43},"end":{"line":11,"column":61}},"line":11},"3":{"name":"(anonymous_3)","decl":{"start":{"line":12,"column":33},"end":{"line":12,"column":42}},"loc":{"start":{"line":12,"column":42},"end":{"line":12,"column":59}},"line":12}},"branchMap":{"0":{"loc":{"start":{"line":15,"column":4},"end":{"line":17,"column":null}},"type":"cond-expr","locations":[{"start":{"line":16,"column":8},"end":{"line":16,"column":null}},{"start":{"line":17,"column":8},"end":{"line":17,"column":null}}],"line":15},"1":{"loc":{"start":{"line":18,"column":17},"end":{"line":18,"column":null}},"type":"cond-expr","locations":[{"start":{"line":18,"column":37},"end":{"line":18,"column":50}},{"start":{"line":18,"column":50},"end":{"line":18,"column":null}}],"line":18},"2":{"loc":{"start":{"line":19,"column":20},"end":{"line":19,"column":null}},"type":"cond-expr","locations":[{"start":{"line":19,"column":40},"end":{"line":19,"column":58}},{"start":{"line":19,"column":58},"end":{"line":19,"column":null}}],"line":19},"3":{"loc":{"start":{"line":20,"column":20},"end":{"line":20,"column":null}},"type":"cond-expr","locations":[{"start":{"line":20,"column":40},"end":{"line":20,"column":58}},{"start":{"line":20,"column":58},"end":{"line":20,"column":null}}],"line":20},"4":{"loc":{"start":{"line":33,"column":14},"end":{"line":35,"column":null}},"type":"cond-expr","locations":[{"start":{"line":34,"column":18},"end":{"line":34,"column":null}},{"start":{"line":35,"column":18},"end":{"line":35,"column":null}}],"line":33},"5":{"loc":{"start":{"line":38,"column":13},"end":{"line":38,"column":null}},"type":"cond-expr","locations":[{"start":{"line":38,"column":33},"end":{"line":38,"column":40}},{"start":{"line":38,"column":40},"end":{"line":38,"column":null}}],"line":38},"6":{"loc":{"start":{"line":49,"column":17},"end":{"line":49,"column":null}},"type":"cond-expr","locations":[{"start":{"line":49,"column":32},"end":{"line":49,"column":39}},{"start":{"line":49,"column":39},"end":{"line":49,"column":null}}],"line":49},"7":{"loc":{"start":{"line":53,"column":11},"end":{"line":53,"column":null}},"type":"cond-expr","locations":[{"start":{"line":53,"column":23},"end":{"line":53,"column":39}},{"start":{"line":53,"column":39},"end":{"line":53,"column":null}}],"line":53},"8":{"loc":{"start":{"line":58,"column":12},"end":{"line":58,"column":null}},"type":"cond-expr","locations":[{"start":{"line":58,"column":32},"end":{"line":58,"column":49}},{"start":{"line":58,"column":49},"end":{"line":58,"column":null}}],"line":58},"9":{"loc":{"start":{"line":63,"column":14},"end":{"line":63,"column":null}},"type":"cond-expr","locations":[{"start":{"line":63,"column":34},"end":{"line":63,"column":54}},{"start":{"line":63,"column":54},"end":{"line":63,"column":null}}],"line":63},"10":{"loc":{"start":{"line":70,"column":14},"end":{"line":70,"column":null}},"type":"cond-expr","locations":[{"start":{"line":70,"column":34},"end":{"line":70,"column":54}},{"start":{"line":70,"column":54},"end":{"line":70,"column":null}}],"line":70}},"s":{"0":1,"1":6,"2":7,"3":6,"4":7,"5":6,"6":7,"7":6,"8":6,"9":6,"10":6,"11":6},"f":{"0":6,"1":7,"2":7,"3":7},"b":{"0":[4,2],"1":[4,2],"2":[4,2],"3":[4,2],"4":[4,2],"5":[4,2],"6":[6,0],"7":[1,5],"8":[4,2],"9":[4,2],"10":[4,2]},"meta":{"lastBranch":11,"lastFunction":4,"lastStatement":12,"seen":{"s:9:20:84:Infinity":0,"f:9:20:9:21":0,"s:10:8:10:Infinity":1,"f:10:27:10:36":1,"s:10:36:10:47":2,"s:11:8:11:Infinity":3,"f:11:34:11:43":2,"s:11:43:11:61":4,"s:12:8:12:Infinity":5,"f:12:33:12:42":3,"s:12:42:12:59":6,"s:15:4:17:Infinity":7,"b:16:8:16:Infinity:17:8:17:Infinity":0,"s:18:17:18:Infinity":8,"b:18:37:18:50:18:50:18:Infinity":1,"s:19:20:19:Infinity":9,"b:19:40:19:58:19:58:19:Infinity":2,"s:20:20:20:Infinity":10,"b:20:40:20:58:20:58:20:Infinity":3,"s:22:2:82:Infinity":11,"b:34:18:34:Infinity:35:18:35:Infinity":4,"b:38:33:38:40:38:40:38:Infinity":5,"b:49:32:49:39:49:39:49:Infinity":6,"b:53:23:53:39:53:39:53:Infinity":7,"b:58:32:58:49:58:49:58:Infinity":8,"b:63:34:63:54:63:54:63:Infinity":9,"b:70:34:70:54:70:54:70:Infinity":10}}}
,"D:\\Лабы\\4_курс\\1 сем\\Песковацков\\lr7\\lr7\\src\\stores\\gameStore.ts": {"path":"D:\\Лабы\\4_курс\\1 сем\\Песковацков\\lr7\\lr7\\src\\stores\\gameStore.ts","statementMap":{"0":{"start":{"line":5,"column":48},"end":{"line":5,"column":null}},"1":{"start":{"line":7,"column":26},"end":{"line":7,"column":null}},"2":{"start":{"line":8,"column":25},"end":{"line":8,"column":null}},"3":{"start":{"line":9,"column":10},"end":{"line":9,"column":null}},"4":{"start":{"line":10,"column":30},"end":{"line":10,"column":null}},"5":{"start":{"line":11,"column":32},"end":{"line":11,"column":null}},"6":{"start":{"line":14,"column":4},"end":{"line":14,"column":null}},"7":{"start":{"line":18,"column":4},"end":{"line":18,"column":null}},"8":{"start":{"line":19,"column":4},"end":{"line":19,"column":null}},"9":{"start":{"line":20,"column":4},"end":{"line":20,"column":null}},"10":{"start":{"line":21,"column":4},"end":{"line":21,"column":null}},"11":{"start":{"line":22,"column":4},"end":{"line":22,"column":null}},"12":{"start":{"line":26,"column":18},"end":{"line":26,"column":null}},"13":{"start":{"line":27,"column":4},"end":{"line":31,"column":null}},"14":{"start":{"line":28,"column":6},"end":{"line":28,"column":null}},"15":{"start":{"line":28,"column":62},"end":{"line":28,"column":79}},"16":{"start":{"line":30,"column":6},"end":{"line":30,"column":null}},"17":{"start":{"line":35,"column":28},"end":{"line":35,"column":null}},"18":{"start":{"line":36,"column":4},"end":{"line":36,"column":null}},"19":{"start":{"line":36,"column":63},"end":{"line":36,"column":null}},"20":{"start":{"line":38,"column":22},"end":{"line":40,"column":null}},"21":{"start":{"line":42,"column":4},"end":{"line":46,"column":null}},"22":{"start":{"line":54,"column":19},"end":{"line":54,"column":null}},"23":{"start":{"line":54,"column":52},"end":{"line":54,"column":79}},"24":{"start":{"line":55,"column":4},"end":{"line":57,"column":null}},"25":{"start":{"line":56,"column":6},"end":{"line":56,"column":null}},"26":{"start":{"line":58,"column":4},"end":{"line":58,"column":null}},"27":{"start":{"line":62,"column":4},"end":{"line":62,"column":null}},"28":{"start":{"line":66,"column":4},"end":{"line":71,"column":null}},"29":{"start":{"line":67,"column":6},"end":{"line":67,"column":null}},"30":{"start":{"line":69,"column":6},"end":{"line":69,"column":null}},"31":{"start":{"line":70,"column":6},"end":{"line":70,"column":null}},"32":{"start":{"line":75,"column":4},"end":{"line":75,"column":null}},"33":{"start":{"line":79,"column":4},"end":{"line":79,"column":null}},"34":{"start":{"line":80,"column":4},"end":{"line":80,"column":null}},"35":{"start":{"line":81,"column":4},"end":{"line":81,"column":null}},"36":{"start":{"line":82,"column":4},"end":{"line":82,"column":null}},"37":{"start":{"line":83,"column":4},"end":{"line":83,"column":null}},"38":{"start":{"line":84,"column":4},"end":{"line":84,"column":null}},"39":{"start":{"line":88,"column":4},"end":{"line":88,"column":null}},"40":{"start":{"line":88,"column":37},"end":{"line":88,"column":null}},"41":{"start":{"line":89,"column":4},"end":{"line":89,"column":null}},"42":{"start":{"line":93,"column":4},"end":{"line":93,"column":null}},"43":{"start":{"line":93,"column":37},"end":{"line":93,"column":null}},"44":{"start":{"line":94,"column":4},"end":{"line":94,"column":null}},"45":{"start":{"line":98,"column":4},"end":{"line":98,"column":null}},"46":{"start":{"line":102,"column":4},"end":{"line":102,"column":null}},"47":{"start":{"line":102,"column":51},"end":{"line":102,"column":67}},"48":{"start":{"line":106,"column":25},"end":{"line":106,"column":null}}},"fnMap":{"0":{"name":"(anonymous_0)","decl":{"start":{"line":13,"column":2},"end":{"line":13,"column":16}},"loc":{"start":{"line":13,"column":16},"end":{"line":15,"column":null}},"line":13},"1":{"name":"(anonymous_1)","decl":{"start":{"line":17,"column":2},"end":{"line":17,"column":14}},"loc":{"start":{"line":17,"column":14},"end":{"line":23,"column":null}},"line":17},"2":{"name":"(anonymous_2)","decl":{"start":{"line":25,"column":2},"end":{"line":25,"column":15}},"loc":{"start":{"line":25,"column":36},"end":{"line":32,"column":null}},"line":25},"3":{"name":"(anonymous_3)","decl":{"start":{"line":28,"column":57},"end":{"line":28,"column":62}},"loc":{"start":{"line":28,"column":62},"end":{"line":28,"column":79}},"line":28},"4":{"name":"(anonymous_4)","decl":{"start":{"line":34,"column":2},"end":{"line":34,"column":22}},"loc":{"start":{"line":34,"column":22},"end":{"line":47,"column":null}},"line":34},"5":{"name":"(anonymous_5)","decl":{"start":{"line":49,"column":2},"end":{"line":49,"column":null}},"loc":{"start":{"line":53,"column":4},"end":{"line":59,"column":null}},"line":53},"6":{"name":"(anonymous_6)","decl":{"start":{"line":54,"column":47},"end":{"line":54,"column":52}},"loc":{"start":{"line":54,"column":52},"end":{"line":54,"column":79}},"line":54},"7":{"name":"(anonymous_7)","decl":{"start":{"line":61,"column":2},"end":{"line":61,"column":22}},"loc":{"start":{"line":61,"column":45},"end":{"line":63,"column":null}},"line":61},"8":{"name":"(anonymous_8)","decl":{"start":{"line":65,"column":2},"end":{"line":65,"column":17}},"loc":{"start":{"line":65,"column":17},"end":{"line":72,"column":null}},"line":65},"9":{"name":"(anonymous_9)","decl":{"start":{"line":74,"column":2},"end":{"line":74,"column":15}},"loc":{"start":{"line":74,"column":15},"end":{"line":76,"column":null}},"line":74},"10":{"name":"(anonymous_10)","decl":{"start":{"line":78,"column":2},"end":{"line":78,"column":14}},"loc":{"start":{"line":78,"column":14},"end":{"line":85,"column":null}},"line":78},"11":{"name":"(anonymous_11)","decl":{"start":{"line":87,"column":6},"end":{"line":87,"column":41}},"loc":{"start":{"line":87,"column":41},"end":{"line":90,"column":null}},"line":87},"12":{"name":"(anonymous_12)","decl":{"start":{"line":92,"column":6},"end":{"line":92,"column":25}},"loc":{"start":{"line":92,"column":25},"end":{"line":95,"column":null}},"line":92},"13":{"name":"(anonymous_13)","decl":{"start":{"line":97,"column":6},"end":{"line":97,"column":32}},"loc":{"start":{"line":97,"column":32},"end":{"line":99,"column":null}},"line":97},"14":{"name":"(anonymous_14)","decl":{"start":{"line":101,"column":6},"end":{"line":101,"column":36}},"loc":{"start":{"line":101,"column":36},"end":{"line":103,"column":null}},"line":101},"15":{"name":"(anonymous_15)","decl":{"start":{"line":102,"column":41},"end":{"line":102,"column":51}},"loc":{"start":{"line":102,"column":51},"end":{"line":102,"column":67}},"line":102}},"branchMap":{"0":{"loc":{"start":{"line":27,"column":4},"end":{"line":31,"column":null}},"type":"if","locations":[{"start":{"line":27,"column":4},"end":{"line":31,"column":null}},{"start":{"line":29,"column":11},"end":{"line":31,"column":null}}],"line":27},"1":{"loc":{"start":{"line":36,"column":4},"end":{"line":36,"column":null}},"type":"if","locations":[{"start":{"line":36,"column":4},"end":{"line":36,"column":null}},{"start":{},"end":{}}],"line":36},"2":{"loc":{"start":{"line":36,"column":8},"end":{"line":36,"column":63}},"type":"binary-expr","locations":[{"start":{"line":36,"column":8},"end":{"line":36,"column":28}},{"start":{"line":36,"column":28},"end":{"line":36,"column":63}}],"line":36},"3":{"loc":{"start":{"line":55,"column":4},"end":{"line":57,"column":null}},"type":"if","locations":[{"start":{"line":55,"column":4},"end":{"line":57,"column":null}},{"start":{},"end":{}}],"line":55},"4":{"loc":{"start":{"line":66,"column":4},"end":{"line":71,"column":null}},"type":"if","locations":[{"start":{"line":66,"column":4},"end":{"line":71,"column":null}},{"start":{"line":68,"column":11},"end":{"line":71,"column":null}}],"line":66},"5":{"loc":{"start":{"line":88,"column":4},"end":{"line":88,"column":null}},"type":"if","locations":[{"start":{"line":88,"column":4},"end":{"line":88,"column":null}},{"start":{},"end":{}}],"line":88},"6":{"loc":{"start":{"line":89,"column":11},"end":{"line":89,"column":null}},"type":"binary-expr","locations":[{"start":{"line":89,"column":11},"end":{"line":89,"column":56}},{"start":{"line":89,"column":56},"end":{"line":89,"column":null}}],"line":89},"7":{"loc":{"start":{"line":93,"column":4},"end":{"line":93,"column":null}},"type":"if","locations":[{"start":{"line":93,"column":4},"end":{"line":93,"column":null}},{"start":{},"end":{}}],"line":93}},"s":{"0":6,"1":6,"2":6,"3":6,"4":6,"5":6,"6":6,"7":1,"8":1,"9":1,"10":1,"11":1,"12":4,"13":4,"14":1,"15":1,"16":3,"17":1,"18":1,"19":0,"20":1,"21":1,"22":0,"23":0,"24":0,"25":0,"26":0,"27":1,"28":0,"29":0,"30":0,"31":0,"32":0,"33":5,"34":5,"35":5,"36":5,"37":5,"38":5,"39":1,"40":0,"41":1,"42":0,"43":0,"44":0,"45":0,"46":0,"47":0,"48":2},"f":{"0":6,"1":1,"2":4,"3":1,"4":1,"5":0,"6":0,"7":1,"8":0,"9":0,"10":5,"11":1,"12":0,"13":0,"14":0,"15":0},"b":{"0":[1,3],"1":[0,1],"2":[1,1],"3":[0,0],"4":[0,0],"5":[0,1],"6":[1,0],"7":[0,0]},"meta":{"lastBranch":8,"lastFunction":16,"lastStatement":49,"seen":{"s:5:48:5:Infinity":0,"s:7:26:7:Infinity":1,"s:8:25:8:Infinity":2,"s:9:10:9:Infinity":3,"s:10:30:10:Infinity":4,"s:11:32:11:Infinity":5,"f:13:2:13:16":0,"s:14:4:14:Infinity":6,"f:17:2:17:14":1,"s:18:4:18:Infinity":7,"s:19:4:19:Infinity":8,"s:20:4:20:Infinity":9,"s:21:4:21:Infinity":10,"s:22:4:22:Infinity":11,"f:25:2:25:15":2,"s:26:18:26:Infinity":12,"b:27:4:31:Infinity:29:11:31:Infinity":0,"s:27:4:31:Infinity":13,"s:28:6:28:Infinity":14,"f:28:57:28:62":3,"s:28:62:28:79":15,"s:30:6:30:Infinity":16,"f:34:2:34:22":4,"s:35:28:35:Infinity":17,"b:36:4:36:Infinity:undefined:undefined:undefined:undefined":1,"s:36:4:36:Infinity":18,"b:36:8:36:28:36:28:36:63":2,"s:36:63:36:Infinity":19,"s:38:22:40:Infinity":20,"s:42:4:46:Infinity":21,"f:49:2:49:Infinity":5,"s:54:19:54:Infinity":22,"f:54:47:54:52":6,"s:54:52:54:79":23,"b:55:4:57:Infinity:undefined:undefined:undefined:undefined":3,"s:55:4:57:Infinity":24,"s:56:6:56:Infinity":25,"s:58:4:58:Infinity":26,"f:61:2:61:22":7,"s:62:4:62:Infinity":27,"f:65:2:65:17":8,"b:66:4:71:Infinity:68:11:71:Infinity":4,"s:66:4:71:Infinity":28,"s:67:6:67:Infinity":29,"s:69:6:69:Infinity":30,"s:70:6:70:Infinity":31,"f:74:2:74:15":9,"s:75:4:75:Infinity":32,"f:78:2:78:14":10,"s:79:4:79:Infinity":33,"s:80:4:80:Infinity":34,"s:81:4:81:Infinity":35,"s:82:4:82:Infinity":36,"s:83:4:83:Infinity":37,"s:84:4:84:Infinity":38,"f:87:6:87:41":11,"b:88:4:88:Infinity:undefined:undefined:undefined:undefined":5,"s:88:4:88:Infinity":39,"s:88:37:88:Infinity":40,"s:89:4:89:Infinity":41,"b:89:11:89:56:89:56:89:Infinity":6,"f:92:6:92:25":12,"b:93:4:93:Infinity:undefined:undefined:undefined:undefined":7,"s:93:4:93:Infinity":42,"s:93:37:93:Infinity":43,"s:94:4:94:Infinity":44,"f:97:6:97:32":13,"s:98:4:98:Infinity":45,"f:101:6:101:36":14,"s:102:4:102:Infinity":46,"f:102:41:102:51":15,"s:102:51:102:67":47,"s:106:25:106:Infinity":48}}}
,"D:\\Лабы\\4_курс\\1 сем\\Песковацков\\lr7\\lr7\\src\\stores\\uiStore.ts": {"path":"D:\\Лабы\\4_курс\\1 сем\\Песковацков\\lr7\\lr7\\src\\stores\\uiStore.ts","statementMap":{"0":{"start":{"line":14,"column":13},"end":{"line":36,"column":null}},"1":{"start":{"line":16,"column":12},"end":{"line":31,"column":null}},"2":{"start":{"line":20,"column":34},"end":{"line":20,"column":null}},"3":{"start":{"line":23,"column":8},"end":{"line":25,"column":null}},"4":{"start":{"line":23,"column":22},"end":{"line":25,"column":10}},"5":{"start":{"line":28,"column":8},"end":{"line":30,"column":null}},"6":{"start":{"line":28,"column":22},"end":{"line":30,"column":10}}},"fnMap":{"0":{"name":"(anonymous_0)","decl":{"start":{"line":16,"column":4},"end":{"line":16,"column":12}},"loc":{"start":{"line":16,"column":12},"end":{"line":31,"column":null}},"line":16},"1":{"name":"(anonymous_1)","decl":{"start":{"line":20,"column":16},"end":{"line":20,"column":17}},"loc":{"start":{"line":20,"column":34},"end":{"line":20,"column":null}},"line":20},"2":{"name":"(anonymous_2)","decl":{"start":{"line":22,"column":19},"end":{"line":22,"column":null}},"loc":{"start":{"line":23,"column":8},"end":{"line":25,"column":null}},"line":23},"3":{"name":"(anonymous_3)","decl":{"start":{"line":23,"column":12},"end":{"line":23,"column":22}},"loc":{"start":{"line":23,"column":22},"end":{"line":25,"column":10}},"line":23},"4":{"name":"(anonymous_4)","decl":{"start":{"line":27,"column":19},"end":{"line":27,"column":null}},"loc":{"start":{"line":28,"column":8},"end":{"line":30,"column":null}},"line":28},"5":{"name":"(anonymous_5)","decl":{"start":{"line":28,"column":12},"end":{"line":28,"column":22}},"loc":{"start":{"line":28,"column":22},"end":{"line":30,"column":10}},"line":28}},"branchMap":{"0":{"loc":{"start":{"line":24,"column":17},"end":{"line":24,"column":null}},"type":"cond-expr","locations":[{"start":{"line":24,"column":43},"end":{"line":24,"column":52}},{"start":{"line":24,"column":52},"end":{"line":24,"column":null}}],"line":24}},"s":{"0":5,"1":5,"2":2,"3":3,"4":3,"5":0,"6":0},"f":{"0":5,"1":2,"2":3,"3":3,"4":0,"5":0},"b":{"0":[2,1]},"meta":{"lastBranch":1,"lastFunction":6,"lastStatement":7,"seen":{"s:14:13:36:Infinity":0,"f:16:4:16:12":0,"s:16:12:31:Infinity":1,"f:20:16:20:17":1,"s:20:34:20:Infinity":2,"f:22:19:22:Infinity":2,"s:23:8:25:Infinity":3,"f:23:12:23:22":3,"s:23:22:25:10":4,"b:24:43:24:52:24:52:24:Infinity":0,"f:27:19:27:Infinity":4,"s:28:8:30:Infinity":5,"f:28:12:28:22":5,"s:28:22:30:10":6}}}
}
