{"C:\\Users\\safro\\Documents\\4 курс 1 сем\\Песковацков\\web-programming-course-main\\web-programming-course-main\\lessons\\lr7\\src\\components\\quiz\\EssayQuestion.tsx": {"path":"C:\\Users\\safro\\Documents\\4 курс 1 сем\\Песковацков\\web-programming-course-main\\web-programming-course-main\\lessons\\lr7\\src\\components\\quiz\\EssayQuestion.tsx","statementMap":{"0":{"start":{"line":3,"column":29},"end":{"line":38,"column":null}},"1":{"start":{"line":9,"column":22},"end":{"line":9,"column":null}},"2":{"start":{"line":10,"column":22},"end":{"line":10,"column":null}},"3":{"start":{"line":11,"column":22},"end":{"line":11,"column":null}},"4":{"start":{"line":12,"column":4},"end":{"line":36,"column":null}},"5":{"start":{"line":25,"column":33},"end":{"line":25,"column":null}}},"fnMap":{"0":{"name":"(anonymous_0)","decl":{"start":{"line":3,"column":29},"end":{"line":3,"column":30}},"loc":{"start":{"line":8,"column":26},"end":{"line":38,"column":null}},"line":8},"1":{"name":"(anonymous_1)","decl":{"start":{"line":25,"column":26},"end":{"line":25,"column":27}},"loc":{"start":{"line":25,"column":33},"end":{"line":25,"column":null}},"line":25}},"branchMap":{"0":{"loc":{"start":{"line":7,"column":4},"end":{"line":7,"column":null}},"type":"default-arg","locations":[{"start":{"line":7,"column":12},"end":{"line":7,"column":null}}],"line":7},"1":{"loc":{"start":{"line":18,"column":12},"end":{"line":20,"column":null}},"type":"cond-expr","locations":[{"start":{"line":19,"column":26},"end":{"line":19,"column":null}},{"start":{"line":20,"column":26},"end":{"line":20,"column":null}}],"line":18},"2":{"loc":{"start":{"line":28,"column":60},"end":{"line":28,"column":113}},"type":"cond-expr","locations":[{"start":{"line":28,"column":80},"end":{"line":28,"column":98}},{"start":{"line":28,"column":98},"end":{"line":28,"column":113}}],"line":28},"3":{"loc":{"start":{"line":33,"column":39},"end":{"line":33,"column":92}},"type":"cond-expr","locations":[{"start":{"line":33,"column":59},"end":{"line":33,"column":77}},{"start":{"line":33,"column":77},"end":{"line":33,"column":92}}],"line":33}},"s":{"0":1,"1":7,"2":7,"3":7,"4":7,"5":11},"f":{"0":7,"1":11},"b":{"0":[7],"1":[6,1],"2":[6,1],"3":[6,1]},"meta":{"lastBranch":4,"lastFunction":2,"lastStatement":6,"seen":{"s:3:29:38:Infinity":0,"f:3:29:3:30":0,"b:7:12:7:Infinity":0,"s:9:22:9:Infinity":1,"s:10:22:10:Infinity":2,"s:11:22:11:Infinity":3,"s:12:4:36:Infinity":4,"b:19:26:19:Infinity:20:26:20:Infinity":1,"f:25:26:25:27":1,"s:25:33:25:Infinity":5,"b:28:80:28:98:28:98:28:113":2,"b:33:59:33:77:33:77:33:92":3}}}
,"C:\\Users\\safro\\Documents\\4 курс 1 сем\\Песковацков\\web-programming-course-main\\web-programming-course-main\\lessons\\lr7\\src\\components\\quiz\\MultipleSelectQuestion.tsx": {"path":"C:\\Users\\safro\\Documents\\4 курс 1 сем\\Песковацков\\web-programming-course-main\\web-programming-course-main\\lessons\\lr7\\src\\components\\quiz\\MultipleSelectQuestion.tsx","statementMap":{"0":{"start":{"line":4,"column":13},"end":{"line":64,"column":null}},"1":{"start":{"line":10,"column":4},"end":{"line":18,"column":null}},"2":{"start":{"line":11,"column":8},"end":{"line":16,"column":null}},"3":{"start":{"line":20,"column":4},"end":{"line":62,"column":null}},"4":{"start":{"line":23,"column":35},"end":{"line":23,"column":null}},"5":{"start":{"line":25,"column":16},"end":{"line":59,"column":null}},"6":{"start":{"line":28,"column":39},"end":{"line":28,"column":null}}},"fnMap":{"0":{"name":"(anonymous_0)","decl":{"start":{"line":4,"column":47},"end":{"line":4,"column":48}},"loc":{"start":{"line":9,"column":35},"end":{"line":64,"column":1}},"line":9},"1":{"name":"(anonymous_1)","decl":{"start":{"line":22,"column":34},"end":{"line":22,"column":35}},"loc":{"start":{"line":22,"column":53},"end":{"line":61,"column":13}},"line":22},"2":{"name":"(anonymous_2)","decl":{"start":{"line":28,"column":33},"end":{"line":28,"column":39}},"loc":{"start":{"line":28,"column":39},"end":{"line":28,"column":null}},"line":28}},"branchMap":{"0":{"loc":{"start":{"line":8,"column":4},"end":{"line":8,"column":null}},"type":"default-arg","locations":[{"start":{"line":8,"column":12},"end":{"line":8,"column":null}}],"line":8},"1":{"loc":{"start":{"line":10,"column":4},"end":{"line":18,"column":null}},"type":"if","locations":[{"start":{"line":10,"column":4},"end":{"line":18,"column":null}},{"start":{},"end":{}}],"line":10},"2":{"loc":{"start":{"line":10,"column":8},"end":{"line":10,"column":60}},"type":"binary-expr","locations":[{"start":{"line":10,"column":8},"end":{"line":10,"column":29}},{"start":{"line":10,"column":29},"end":{"line":10,"column":60}}],"line":10},"3":{"loc":{"start":{"line":12,"column":46},"end":{"line":12,"column":98}},"type":"cond-expr","locations":[{"start":{"line":12,"column":66},"end":{"line":12,"column":83}},{"start":{"line":12,"column":83},"end":{"line":12,"column":98}}],"line":12},"4":{"loc":{"start":{"line":13,"column":45},"end":{"line":13,"column":102}},"type":"cond-expr","locations":[{"start":{"line":13,"column":65},"end":{"line":13,"column":85}},{"start":{"line":13,"column":85},"end":{"line":13,"column":102}}],"line":13},"5":{"loc":{"start":{"line":31,"column":16},"end":{"line":33,"column":null}},"type":"cond-expr","locations":[{"start":{"line":32,"column":34},"end":{"line":32,"column":null}},{"start":{"line":33,"column":34},"end":{"line":33,"column":null}}],"line":31},"6":{"loc":{"start":{"line":35,"column":16},"end":{"line":37,"column":null}},"type":"binary-expr","locations":[{"start":{"line":35,"column":16},"end":{"line":35,"column":32}},{"start":{"line":35,"column":32},"end":{"line":37,"column":null}}],"line":35},"7":{"loc":{"start":{"line":35,"column":32},"end":{"line":37,"column":null}},"type":"cond-expr","locations":[{"start":{"line":36,"column":34},"end":{"line":36,"column":null}},{"start":{"line":37,"column":34},"end":{"line":37,"column":null}}],"line":35},"8":{"loc":{"start":{"line":39,"column":16},"end":{"line":41,"column":null}},"type":"binary-expr","locations":[{"start":{"line":39,"column":16},"end":{"line":39,"column":31}},{"start":{"line":39,"column":31},"end":{"line":41,"column":null}}],"line":39},"9":{"loc":{"start":{"line":39,"column":31},"end":{"line":41,"column":null}},"type":"cond-expr","locations":[{"start":{"line":40,"column":34},"end":{"line":40,"column":null}},{"start":{"line":41,"column":34},"end":{"line":41,"column":null}}],"line":39},"10":{"loc":{"start":{"line":48,"column":18},"end":{"line":50,"column":null}},"type":"cond-expr","locations":[{"start":{"line":49,"column":38},"end":{"line":49,"column":null}},{"start":{"line":50,"column":39},"end":{"line":50,"column":null}}],"line":48},"11":{"loc":{"start":{"line":50,"column":39},"end":{"line":50,"column":null}},"type":"cond-expr","locations":[{"start":{"line":50,"column":59},"end":{"line":50,"column":75}},{"start":{"line":50,"column":75},"end":{"line":50,"column":null}}],"line":50},"12":{"loc":{"start":{"line":53,"column":33},"end":{"line":53,"column":null}},"type":"cond-expr","locations":[{"start":{"line":53,"column":46},"end":{"line":53,"column":52}},{"start":{"line":53,"column":52},"end":{"line":53,"column":null}}],"line":53},"13":{"loc":{"start":{"line":55,"column":55},"end":{"line":55,"column":105}},"type":"cond-expr","locations":[{"start":{"line":55,"column":75},"end":{"line":55,"column":93}},{"start":{"line":55,"column":93},"end":{"line":55,"column":105}}],"line":55}},"s":{"0":1,"1":8,"2":2,"3":6,"4":24,"5":24,"6":1},"f":{"0":8,"1":24,"2":1},"b":{"0":[8],"1":[2,6],"2":[8,7],"3":[2,0],"4":[2,0],"5":[20,4],"6":[24,22],"7":[18,4],"8":[24,2],"9":[2,0],"10":[2,22],"11":[18,4],"12":[2,22],"13":[20,4]},"meta":{"lastBranch":14,"lastFunction":3,"lastStatement":7,"seen":{"s:4:13:64:Infinity":0,"f:4:47:4:48":0,"b:8:12:8:Infinity":0,"b:10:4:18:Infinity:undefined:undefined:undefined:undefined":1,"s:10:4:18:Infinity":1,"b:10:8:10:29:10:29:10:60":2,"s:11:8:16:Infinity":2,"b:12:66:12:83:12:83:12:98":3,"b:13:65:13:85:13:85:13:102":4,"s:20:4:62:Infinity":3,"f:22:34:22:35":1,"s:23:35:23:Infinity":4,"s:25:16:59:Infinity":5,"f:28:33:28:39":2,"s:28:39:28:Infinity":6,"b:32:34:32:Infinity:33:34:33:Infinity":5,"b:35:16:35:32:35:32:37:Infinity":6,"b:36:34:36:Infinity:37:34:37:Infinity":7,"b:39:16:39:31:39:31:41:Infinity":8,"b:40:34:40:Infinity:41:34:41:Infinity":9,"b:49:38:49:Infinity:50:39:50:Infinity":10,"b:50:59:50:75:50:75:50:Infinity":11,"b:53:46:53:52:53:52:53:Infinity":12,"b:55:75:55:93:55:93:55:105":13}}}
,"C:\\Users\\safro\\Documents\\4 курс 1 сем\\Песковацков\\web-programming-course-main\\web-programming-course-main\\lessons\\lr7\\src\\components\\quiz\\QuizButton.tsx": {"path":"C:\\Users\\safro\\Documents\\4 курс 1 сем\\Песковацков\\web-programming-course-main\\web-programming-course-main\\lessons\\lr7\\src\\components\\quiz\\QuizButton.tsx","statementMap":{"0":{"start":{"line":3,"column":26},"end":{"line":30,"column":null}},"1":{"start":{"line":10,"column":22},"end":{"line":10,"column":null}},"2":{"start":{"line":12,"column":26},"end":{"line":19,"column":null}},"3":{"start":{"line":21,"column":4},"end":{"line":28,"column":null}}},"fnMap":{"0":{"name":"(anonymous_0)","decl":{"start":{"line":3,"column":26},"end":{"line":3,"column":27}},"loc":{"start":{"line":9,"column":23},"end":{"line":30,"column":null}},"line":9}},"branchMap":{"0":{"loc":{"start":{"line":6,"column":4},"end":{"line":6,"column":null}},"type":"default-arg","locations":[{"start":{"line":6,"column":15},"end":{"line":6,"column":null}}],"line":6},"1":{"loc":{"start":{"line":7,"column":4},"end":{"line":7,"column":null}},"type":"default-arg","locations":[{"start":{"line":7,"column":14},"end":{"line":7,"column":null}}],"line":7},"2":{"loc":{"start":{"line":8,"column":4},"end":{"line":8,"column":null}},"type":"default-arg","locations":[{"start":{"line":8,"column":12},"end":{"line":8,"column":null}}],"line":8},"3":{"loc":{"start":{"line":13,"column":17},"end":{"line":15,"column":null}},"type":"cond-expr","locations":[{"start":{"line":14,"column":14},"end":{"line":14,"column":null}},{"start":{"line":15,"column":14},"end":{"line":15,"column":null}}],"line":13},"4":{"loc":{"start":{"line":16,"column":19},"end":{"line":18,"column":null}},"type":"cond-expr","locations":[{"start":{"line":17,"column":14},"end":{"line":17,"column":null}},{"start":{"line":18,"column":14},"end":{"line":18,"column":null}}],"line":16}},"s":{"0":1,"1":7,"2":7,"3":7},"f":{"0":7},"b":{"0":[7],"1":[7],"2":[7],"3":[6,1],"4":[6,1]},"meta":{"lastBranch":5,"lastFunction":1,"lastStatement":4,"seen":{"s:3:26:30:Infinity":0,"f:3:26:3:27":0,"b:6:15:6:Infinity":0,"b:7:14:7:Infinity":1,"b:8:12:8:Infinity":2,"s:10:22:10:Infinity":1,"s:12:26:19:Infinity":2,"b:14:14:14:Infinity:15:14:15:Infinity":3,"b:17:14:17:Infinity:18:14:18:Infinity":4,"s:21:4:28:Infinity":3}}}
,"C:\\Users\\safro\\Documents\\4 курс 1 сем\\Песковацков\\web-programming-course-main\\web-programming-course-main\\lessons\\lr7\\src\\data\\questions.ts": {"path":"C:\\Users\\safro\\Documents\\4 курс 1 сем\\Песковацков\\web-programming-course-main\\web-programming-course-main\\lessons\\lr7\\src\\data\\questions.ts","statementMap":{"0":{"start":{"line":3,"column":46},"end":{"line":25,"column":null}}},"fnMap":{},"branchMap":{},"s":{"0":1},"f":{},"b":{},"meta":{"lastBranch":0,"lastFunction":0,"lastStatement":1,"seen":{"s:3:46:25:Infinity":0}}}
,"C:\\Users\\safro\\Documents\\4 курс 1 сем\\Песковацков\\web-programming-course-main\\web-programming-course-main\\lessons\\lr7\\src\\stores\\gameStore.ts": {"path":"C:\\Users\\safro\\Documents\\4 курс 1 сем\\Песковацков\\web-programming-course-main\\web-programming-course-main\\lessons\\lr7\\src\\stores\\gameStore.ts","statementMap":{"0":{"start":{"line":24,"column":48},"end":{"line":24,"column":null}},"1":{"start":{"line":25,"column":31},"end":{"line":25,"column":null}},"2":{"start":{"line":26,"column":25},"end":{"line":26,"column":null}},"3":{"start":{"line":27,"column":10},"end":{"line":27,"column":null}},"4":{"start":{"line":28,"column":30},"end":{"line":28,"column":null}},"5":{"start":{"line":29,"column":37},"end":{"line":29,"column":null}},"6":{"start":{"line":30,"column":23},"end":{"line":30,"column":null}},"7":{"start":{"line":33,"column":4},"end":{"line":33,"column":null}},"8":{"start":{"line":38,"column":4},"end":{"line":45,"column":null}},"9":{"start":{"line":38,"column":41},"end":{"line":45,"column":6}},"10":{"start":{"line":47,"column":4},"end":{"line":51,"column":null}},"11":{"start":{"line":49,"column":44},"end":{"line":49,"column":72}},"12":{"start":{"line":50,"column":35},"end":{"line":50,"column":53}},"13":{"start":{"line":53,"column":4},"end":{"line":53,"column":null}},"14":{"start":{"line":54,"column":4},"end":{"line":54,"column":null}},"15":{"start":{"line":55,"column":4},"end":{"line":55,"column":null}},"16":{"start":{"line":56,"column":4},"end":{"line":56,"column":null}},"17":{"start":{"line":60,"column":4},"end":{"line":60,"column":null}},"18":{"start":{"line":61,"column":4},"end":{"line":66,"column":null}},"19":{"start":{"line":62,"column":6},"end":{"line":65,"column":null}},"20":{"start":{"line":62,"column":47},"end":{"line":65,"column":8}},"21":{"start":{"line":67,"column":4},"end":{"line":67,"column":null}},"22":{"start":{"line":68,"column":4},"end":{"line":68,"column":null}},"23":{"start":{"line":69,"column":4},"end":{"line":69,"column":null}},"24":{"start":{"line":70,"column":4},"end":{"line":70,"column":null}},"25":{"start":{"line":74,"column":4},"end":{"line":74,"column":null}},"26":{"start":{"line":74,"column":39},"end":{"line":74,"column":null}},"27":{"start":{"line":77,"column":4},"end":{"line":80,"column":null}},"28":{"start":{"line":78,"column":6},"end":{"line":78,"column":null}},"29":{"start":{"line":79,"column":6},"end":{"line":79,"column":null}},"30":{"start":{"line":82,"column":4},"end":{"line":86,"column":null}},"31":{"start":{"line":83,"column":6},"end":{"line":83,"column":null}},"32":{"start":{"line":83,"column":62},"end":{"line":83,"column":73}},"33":{"start":{"line":85,"column":6},"end":{"line":85,"column":null}},"34":{"start":{"line":90,"column":4},"end":{"line":90,"column":null}},"35":{"start":{"line":94,"column":21},"end":{"line":94,"column":null}},"36":{"start":{"line":95,"column":4},"end":{"line":95,"column":null}},"37":{"start":{"line":95,"column":19},"end":{"line":95,"column":null}},"38":{"start":{"line":98,"column":4},"end":{"line":125,"column":null}},"39":{"start":{"line":99,"column":6},"end":{"line":99,"column":null}},"40":{"start":{"line":99,"column":45},"end":{"line":99,"column":null}},"41":{"start":{"line":101,"column":6},"end":{"line":103,"column":null}},"42":{"start":{"line":102,"column":13},"end":{"line":102,"column":null}},"43":{"start":{"line":105,"column":6},"end":{"line":111,"column":null}},"44":{"start":{"line":112,"column":4},"end":{"line":125,"column":null}},"45":{"start":{"line":114,"column":6},"end":{"line":116,"column":null}},"46":{"start":{"line":115,"column":13},"end":{"line":115,"column":null}},"47":{"start":{"line":118,"column":6},"end":{"line":124,"column":null}},"48":{"start":{"line":129,"column":21},"end":{"line":129,"column":null}},"49":{"start":{"line":130,"column":4},"end":{"line":130,"column":null}},"50":{"start":{"line":130,"column":19},"end":{"line":130,"column":null}},"51":{"start":{"line":132,"column":28},"end":{"line":132,"column":null}},"52":{"start":{"line":132,"column":61},"end":{"line":132,"column":89}},"53":{"start":{"line":133,"column":4},"end":{"line":135,"column":null}},"54":{"start":{"line":134,"column":6},"end":{"line":134,"column":null}},"55":{"start":{"line":139,"column":24},"end":{"line":139,"column":null}},"56":{"start":{"line":139,"column":62},"end":{"line":139,"column":89}},"57":{"start":{"line":140,"column":4},"end":{"line":147,"column":null}},"58":{"start":{"line":141,"column":6},"end":{"line":141,"column":null}},"59":{"start":{"line":142,"column":6},"end":{"line":142,"column":null}},"60":{"start":{"line":144,"column":6},"end":{"line":146,"column":null}},"61":{"start":{"line":145,"column":8},"end":{"line":145,"column":null}},"62":{"start":{"line":151,"column":4},"end":{"line":157,"column":null}},"63":{"start":{"line":152,"column":26},"end":{"line":152,"column":null}},"64":{"start":{"line":152,"column":64},"end":{"line":152,"column":91}},"65":{"start":{"line":153,"column":6},"end":{"line":156,"column":null}},"66":{"start":{"line":154,"column":8},"end":{"line":154,"column":null}},"67":{"start":{"line":155,"column":8},"end":{"line":155,"column":null}},"68":{"start":{"line":161,"column":4},"end":{"line":163,"column":null}},"69":{"start":{"line":162,"column":6},"end":{"line":162,"column":null}},"70":{"start":{"line":167,"column":4},"end":{"line":173,"column":null}},"71":{"start":{"line":168,"column":6},"end":{"line":168,"column":null}},"72":{"start":{"line":169,"column":6},"end":{"line":169,"column":null}},"73":{"start":{"line":170,"column":6},"end":{"line":170,"column":null}},"74":{"start":{"line":172,"column":6},"end":{"line":172,"column":null}},"75":{"start":{"line":177,"column":4},"end":{"line":177,"column":null}},"76":{"start":{"line":181,"column":4},"end":{"line":181,"column":null}},"77":{"start":{"line":182,"column":4},"end":{"line":182,"column":null}},"78":{"start":{"line":183,"column":4},"end":{"line":183,"column":null}},"79":{"start":{"line":184,"column":4},"end":{"line":184,"column":null}},"80":{"start":{"line":185,"column":4},"end":{"line":185,"column":null}},"81":{"start":{"line":186,"column":4},"end":{"line":186,"column":null}},"82":{"start":{"line":191,"column":4},"end":{"line":191,"column":null}},"83":{"start":{"line":195,"column":4},"end":{"line":197,"column":null}},"84":{"start":{"line":201,"column":4},"end":{"line":201,"column":null}},"85":{"start":{"line":205,"column":4},"end":{"line":205,"column":null}},"86":{"start":{"line":205,"column":46},"end":{"line":205,"column":57}},"87":{"start":{"line":209,"column":4},"end":{"line":213,"column":null}},"88":{"start":{"line":210,"column":6},"end":{"line":210,"column":null}},"89":{"start":{"line":211,"column":4},"end":{"line":213,"column":null}},"90":{"start":{"line":212,"column":6},"end":{"line":212,"column":null}},"91":{"start":{"line":214,"column":4},"end":{"line":214,"column":null}},"92":{"start":{"line":219,"column":25},"end":{"line":219,"column":null}}},"fnMap":{"0":{"name":"(anonymous_0)","decl":{"start":{"line":32,"column":2},"end":{"line":32,"column":16}},"loc":{"start":{"line":32,"column":16},"end":{"line":34,"column":null}},"line":32},"1":{"name":"(anonymous_1)","decl":{"start":{"line":36,"column":2},"end":{"line":36,"column":22}},"loc":{"start":{"line":36,"column":52},"end":{"line":57,"column":null}},"line":36},"2":{"name":"(anonymous_2)","decl":{"start":{"line":38,"column":35},"end":{"line":38,"column":41}},"loc":{"start":{"line":38,"column":41},"end":{"line":45,"column":6}},"line":38},"3":{"name":"(anonymous_3)","decl":{"start":{"line":49,"column":39},"end":{"line":49,"column":44}},"loc":{"start":{"line":49,"column":44},"end":{"line":49,"column":72}},"line":49},"4":{"name":"(anonymous_4)","decl":{"start":{"line":50,"column":30},"end":{"line":50,"column":35}},"loc":{"start":{"line":50,"column":35},"end":{"line":50,"column":53}},"line":50},"5":{"name":"(anonymous_5)","decl":{"start":{"line":59,"column":2},"end":{"line":59,"column":14}},"loc":{"start":{"line":59,"column":14},"end":{"line":71,"column":null}},"line":59},"6":{"name":"(anonymous_6)","decl":{"start":{"line":62,"column":41},"end":{"line":62,"column":47}},"loc":{"start":{"line":62,"column":47},"end":{"line":65,"column":8}},"line":62},"7":{"name":"(anonymous_7)","decl":{"start":{"line":73,"column":2},"end":{"line":73,"column":15}},"loc":{"start":{"line":73,"column":30},"end":{"line":87,"column":null}},"line":73},"8":{"name":"(anonymous_8)","decl":{"start":{"line":83,"column":57},"end":{"line":83,"column":62}},"loc":{"start":{"line":83,"column":62},"end":{"line":83,"column":73}},"line":83},"9":{"name":"(anonymous_9)","decl":{"start":{"line":89,"column":2},"end":{"line":89,"column":10}},"loc":{"start":{"line":89,"column":24},"end":{"line":91,"column":null}},"line":89},"10":{"name":"(anonymous_10)","decl":{"start":{"line":93,"column":2},"end":{"line":93,"column":22}},"loc":{"start":{"line":93,"column":22},"end":{"line":126,"column":null}},"line":93},"11":{"name":"(anonymous_11)","decl":{"start":{"line":102,"column":8},"end":{"line":102,"column":13}},"loc":{"start":{"line":102,"column":13},"end":{"line":102,"column":null}},"line":102},"12":{"name":"(anonymous_12)","decl":{"start":{"line":115,"column":8},"end":{"line":115,"column":13}},"loc":{"start":{"line":115,"column":13},"end":{"line":115,"column":null}},"line":115},"13":{"name":"(anonymous_13)","decl":{"start":{"line":128,"column":2},"end":{"line":128,"column":27}},"loc":{"start":{"line":128,"column":27},"end":{"line":136,"column":null}},"line":128},"14":{"name":"(anonymous_14)","decl":{"start":{"line":132,"column":56},"end":{"line":132,"column":61}},"loc":{"start":{"line":132,"column":61},"end":{"line":132,"column":89}},"line":132},"15":{"name":"(anonymous_15)","decl":{"start":{"line":138,"column":2},"end":{"line":138,"column":21}},"loc":{"start":{"line":138,"column":83},"end":{"line":148,"column":null}},"line":138},"16":{"name":"(anonymous_16)","decl":{"start":{"line":139,"column":57},"end":{"line":139,"column":62}},"loc":{"start":{"line":139,"column":62},"end":{"line":139,"column":89}},"line":139},"17":{"name":"(anonymous_17)","decl":{"start":{"line":150,"column":2},"end":{"line":150,"column":31}},"loc":{"start":{"line":150,"column":93},"end":{"line":158,"column":null}},"line":150},"18":{"name":"(anonymous_18)","decl":{"start":{"line":151,"column":16},"end":{"line":151,"column":22}},"loc":{"start":{"line":151,"column":22},"end":{"line":157,"column":5}},"line":151},"19":{"name":"(anonymous_19)","decl":{"start":{"line":152,"column":59},"end":{"line":152,"column":64}},"loc":{"start":{"line":152,"column":64},"end":{"line":152,"column":91}},"line":152},"20":{"name":"(anonymous_20)","decl":{"start":{"line":160,"column":2},"end":{"line":160,"column":24}},"loc":{"start":{"line":160,"column":42},"end":{"line":164,"column":null}},"line":160},"21":{"name":"(anonymous_21)","decl":{"start":{"line":161,"column":16},"end":{"line":161,"column":22}},"loc":{"start":{"line":161,"column":22},"end":{"line":163,"column":5}},"line":161},"22":{"name":"(anonymous_22)","decl":{"start":{"line":166,"column":2},"end":{"line":166,"column":17}},"loc":{"start":{"line":166,"column":17},"end":{"line":174,"column":null}},"line":166},"23":{"name":"(anonymous_23)","decl":{"start":{"line":176,"column":2},"end":{"line":176,"column":15}},"loc":{"start":{"line":176,"column":15},"end":{"line":178,"column":null}},"line":176},"24":{"name":"(anonymous_24)","decl":{"start":{"line":180,"column":2},"end":{"line":180,"column":14}},"loc":{"start":{"line":180,"column":14},"end":{"line":187,"column":null}},"line":180},"25":{"name":"(anonymous_25)","decl":{"start":{"line":190,"column":6},"end":{"line":190,"column":46}},"loc":{"start":{"line":190,"column":46},"end":{"line":192,"column":null}},"line":190},"26":{"name":"(anonymous_26)","decl":{"start":{"line":194,"column":6},"end":{"line":194,"column":25}},"loc":{"start":{"line":194,"column":25},"end":{"line":198,"column":null}},"line":194},"27":{"name":"(anonymous_27)","decl":{"start":{"line":200,"column":6},"end":{"line":200,"column":32}},"loc":{"start":{"line":200,"column":32},"end":{"line":202,"column":null}},"line":200},"28":{"name":"(anonymous_28)","decl":{"start":{"line":204,"column":6},"end":{"line":204,"column":36}},"loc":{"start":{"line":204,"column":36},"end":{"line":206,"column":null}},"line":204},"29":{"name":"(anonymous_29)","decl":{"start":{"line":205,"column":41},"end":{"line":205,"column":46}},"loc":{"start":{"line":205,"column":46},"end":{"line":205,"column":57}},"line":205},"30":{"name":"(anonymous_30)","decl":{"start":{"line":208,"column":6},"end":{"line":208,"column":34}},"loc":{"start":{"line":208,"column":34},"end":{"line":215,"column":null}},"line":208}},"branchMap":{"0":{"loc":{"start":{"line":41,"column":15},"end":{"line":41,"column":null}},"type":"binary-expr","locations":[{"start":{"line":41,"column":15},"end":{"line":41,"column":28}},{"start":{"line":41,"column":28},"end":{"line":41,"column":null}}],"line":41},"1":{"loc":{"start":{"line":61,"column":4},"end":{"line":66,"column":null}},"type":"if","locations":[{"start":{"line":61,"column":4},"end":{"line":66,"column":null}},{"start":{},"end":{}}],"line":61},"2":{"loc":{"start":{"line":74,"column":4},"end":{"line":74,"column":null}},"type":"if","locations":[{"start":{"line":74,"column":4},"end":{"line":74,"column":null}},{"start":{},"end":{}}],"line":74},"3":{"loc":{"start":{"line":77,"column":4},"end":{"line":80,"column":null}},"type":"if","locations":[{"start":{"line":77,"column":4},"end":{"line":80,"column":null}},{"start":{},"end":{}}],"line":77},"4":{"loc":{"start":{"line":82,"column":4},"end":{"line":86,"column":null}},"type":"if","locations":[{"start":{"line":82,"column":4},"end":{"line":86,"column":null}},{"start":{"line":84,"column":11},"end":{"line":86,"column":null}}],"line":82},"5":{"loc":{"start":{"line":95,"column":4},"end":{"line":95,"column":null}},"type":"if","locations":[{"start":{"line":95,"column":4},"end":{"line":95,"column":null}},{"start":{},"end":{}}],"line":95},"6":{"loc":{"start":{"line":98,"column":4},"end":{"line":125,"column":null}},"type":"if","locations":[{"start":{"line":98,"column":4},"end":{"line":125,"column":null}},{"start":{"line":112,"column":4},"end":{"line":125,"column":null}}],"line":98},"7":{"loc":{"start":{"line":99,"column":6},"end":{"line":99,"column":null}},"type":"if","locations":[{"start":{"line":99,"column":6},"end":{"line":99,"column":null}},{"start":{},"end":{}}],"line":99},"8":{"loc":{"start":{"line":112,"column":4},"end":{"line":125,"column":null}},"type":"if","locations":[{"start":{"line":112,"column":4},"end":{"line":125,"column":null}},{"start":{},"end":{}}],"line":112},"9":{"loc":{"start":{"line":130,"column":4},"end":{"line":130,"column":null}},"type":"if","locations":[{"start":{"line":130,"column":4},"end":{"line":130,"column":null}},{"start":{},"end":{}}],"line":130},"10":{"loc":{"start":{"line":133,"column":4},"end":{"line":135,"column":null}},"type":"if","locations":[{"start":{"line":133,"column":4},"end":{"line":135,"column":null}},{"start":{},"end":{}}],"line":133},"11":{"loc":{"start":{"line":140,"column":4},"end":{"line":147,"column":null}},"type":"if","locations":[{"start":{"line":140,"column":4},"end":{"line":147,"column":null}},{"start":{},"end":{}}],"line":140},"12":{"loc":{"start":{"line":144,"column":6},"end":{"line":146,"column":null}},"type":"if","locations":[{"start":{"line":144,"column":6},"end":{"line":146,"column":null}},{"start":{},"end":{}}],"line":144},"13":{"loc":{"start":{"line":153,"column":6},"end":{"line":156,"column":null}},"type":"if","locations":[{"start":{"line":153,"column":6},"end":{"line":156,"column":null}},{"start":{},"end":{}}],"line":153},"14":{"loc":{"start":{"line":167,"column":4},"end":{"line":173,"column":null}},"type":"if","locations":[{"start":{"line":167,"column":4},"end":{"line":173,"column":null}},{"start":{"line":171,"column":11},"end":{"line":173,"column":null}}],"line":167},"15":{"loc":{"start":{"line":191,"column":11},"end":{"line":191,"column":null}},"type":"binary-expr","locations":[{"start":{"line":191,"column":11},"end":{"line":191,"column":56}},{"start":{"line":191,"column":56},"end":{"line":191,"column":null}}],"line":191},"16":{"loc":{"start":{"line":195,"column":11},"end":{"line":197,"column":null}},"type":"cond-expr","locations":[{"start":{"line":195,"column":26},"end":{"line":196,"column":null}},{"start":{"line":197,"column":8},"end":{"line":197,"column":null}}],"line":195},"17":{"loc":{"start":{"line":209,"column":4},"end":{"line":213,"column":null}},"type":"if","locations":[{"start":{"line":209,"column":4},"end":{"line":213,"column":null}},{"start":{"line":211,"column":4},"end":{"line":213,"column":null}}],"line":209},"18":{"loc":{"start":{"line":211,"column":4},"end":{"line":213,"column":null}},"type":"if","locations":[{"start":{"line":211,"column":4},"end":{"line":213,"column":null}},{"start":{},"end":{}}],"line":211}},"s":{"0":31,"1":31,"2":31,"3":31,"4":31,"5":31,"6":31,"7":31,"8":1,"9":2,"10":1,"11":2,"12":2,"13":1,"14":1,"15":1,"16":1,"17":18,"18":18,"19":3,"20":9,"21":18,"22":18,"23":18,"24":18,"25":3,"26":0,"27":3,"28":1,"29":1,"30":2,"31":1,"32":3,"33":1,"34":5,"35":6,"36":6,"37":0,"38":6,"39":5,"40":0,"41":5,"42":1,"43":5,"44":1,"45":1,"46":0,"47":1,"48":0,"49":0,"50":0,"51":0,"52":0,"53":0,"54":0,"55":2,"56":2,"57":2,"58":2,"59":2,"60":2,"61":1,"62":0,"63":0,"64":0,"65":0,"66":0,"67":0,"68":0,"69":0,"70":4,"71":3,"72":3,"73":3,"74":1,"75":2,"76":1,"77":1,"78":1,"79":1,"80":1,"81":1,"82":14,"83":2,"84":2,"85":1,"86":3,"87":3,"88":2,"89":1,"90":1,"91":0,"92":1},"f":{"0":31,"1":1,"2":2,"3":2,"4":2,"5":18,"6":9,"7":3,"8":3,"9":5,"10":6,"11":1,"12":0,"13":0,"14":0,"15":2,"16":2,"17":0,"18":0,"19":0,"20":0,"21":0,"22":4,"23":2,"24":1,"25":14,"26":2,"27":2,"28":1,"29":3,"30":3},"b":{"0":[2,0],"1":[3,15],"2":[0,3],"3":[1,2],"4":[1,1],"5":[0,6],"6":[5,1],"7":[0,5],"8":[1,0],"9":[0,0],"10":[0,0],"11":[2,0],"12":[1,1],"13":[0,0],"14":[3,1],"15":[14,1],"16":[1,1],"17":[2,1],"18":[1,0]},"meta":{"lastBranch":19,"lastFunction":31,"lastStatement":93,"seen":{"s:24:48:24:Infinity":0,"s:25:31:25:Infinity":1,"s:26:25:26:Infinity":2,"s:27:10:27:Infinity":3,"s:28:30:28:Infinity":4,"s:29:37:29:Infinity":5,"s:30:23:30:Infinity":6,"f:32:2:32:16":0,"s:33:4:33:Infinity":7,"f:36:2:36:22":1,"s:38:4:45:Infinity":8,"f:38:35:38:41":2,"s:38:41:45:6":9,"b:41:15:41:28:41:28:41:Infinity":0,"s:47:4:51:Infinity":10,"f:49:39:49:44":3,"s:49:44:49:72":11,"f:50:30:50:35":4,"s:50:35:50:53":12,"s:53:4:53:Infinity":13,"s:54:4:54:Infinity":14,"s:55:4:55:Infinity":15,"s:56:4:56:Infinity":16,"f:59:2:59:14":5,"s:60:4:60:Infinity":17,"b:61:4:66:Infinity:undefined:undefined:undefined:undefined":1,"s:61:4:66:Infinity":18,"s:62:6:65:Infinity":19,"f:62:41:62:47":6,"s:62:47:65:8":20,"s:67:4:67:Infinity":21,"s:68:4:68:Infinity":22,"s:69:4:69:Infinity":23,"s:70:4:70:Infinity":24,"f:73:2:73:15":7,"b:74:4:74:Infinity:undefined:undefined:undefined:undefined":2,"s:74:4:74:Infinity":25,"s:74:39:74:Infinity":26,"b:77:4:80:Infinity:undefined:undefined:undefined:undefined":3,"s:77:4:80:Infinity":27,"s:78:6:78:Infinity":28,"s:79:6:79:Infinity":29,"b:82:4:86:Infinity:84:11:86:Infinity":4,"s:82:4:86:Infinity":30,"s:83:6:83:Infinity":31,"f:83:57:83:62":8,"s:83:62:83:73":32,"s:85:6:85:Infinity":33,"f:89:2:89:10":9,"s:90:4:90:Infinity":34,"f:93:2:93:22":10,"s:94:21:94:Infinity":35,"b:95:4:95:Infinity:undefined:undefined:undefined:undefined":5,"s:95:4:95:Infinity":36,"s:95:19:95:Infinity":37,"b:98:4:125:Infinity:112:4:125:Infinity":6,"s:98:4:125:Infinity":38,"b:99:6:99:Infinity:undefined:undefined:undefined:undefined":7,"s:99:6:99:Infinity":39,"s:99:45:99:Infinity":40,"s:101:6:103:Infinity":41,"f:102:8:102:13":11,"s:102:13:102:Infinity":42,"s:105:6:111:Infinity":43,"b:112:4:125:Infinity:undefined:undefined:undefined:undefined":8,"s:112:4:125:Infinity":44,"s:114:6:116:Infinity":45,"f:115:8:115:13":12,"s:115:13:115:Infinity":46,"s:118:6:124:Infinity":47,"f:128:2:128:27":13,"s:129:21:129:Infinity":48,"b:130:4:130:Infinity:undefined:undefined:undefined:undefined":9,"s:130:4:130:Infinity":49,"s:130:19:130:Infinity":50,"s:132:28:132:Infinity":51,"f:132:56:132:61":14,"s:132:61:132:89":52,"b:133:4:135:Infinity:undefined:undefined:undefined:undefined":10,"s:133:4:135:Infinity":53,"s:134:6:134:Infinity":54,"f:138:2:138:21":15,"s:139:24:139:Infinity":55,"f:139:57:139:62":16,"s:139:62:139:89":56,"b:140:4:147:Infinity:undefined:undefined:undefined:undefined":11,"s:140:4:147:Infinity":57,"s:141:6:141:Infinity":58,"s:142:6:142:Infinity":59,"b:144:6:146:Infinity:undefined:undefined:undefined:undefined":12,"s:144:6:146:Infinity":60,"s:145:8:145:Infinity":61,"f:150:2:150:31":17,"s:151:4:157:Infinity":62,"f:151:16:151:22":18,"s:152:26:152:Infinity":63,"f:152:59:152:64":19,"s:152:64:152:91":64,"b:153:6:156:Infinity:undefined:undefined:undefined:undefined":13,"s:153:6:156:Infinity":65,"s:154:8:154:Infinity":66,"s:155:8:155:Infinity":67,"f:160:2:160:24":20,"s:161:4:163:Infinity":68,"f:161:16:161:22":21,"s:162:6:162:Infinity":69,"f:166:2:166:17":22,"b:167:4:173:Infinity:171:11:173:Infinity":14,"s:167:4:173:Infinity":70,"s:168:6:168:Infinity":71,"s:169:6:169:Infinity":72,"s:170:6:170:Infinity":73,"s:172:6:172:Infinity":74,"f:176:2:176:15":23,"s:177:4:177:Infinity":75,"f:180:2:180:14":24,"s:181:4:181:Infinity":76,"s:182:4:182:Infinity":77,"s:183:4:183:Infinity":78,"s:184:4:184:Infinity":79,"s:185:4:185:Infinity":80,"s:186:4:186:Infinity":81,"f:190:6:190:46":25,"s:191:4:191:Infinity":82,"b:191:11:191:56:191:56:191:Infinity":15,"f:194:6:194:25":26,"s:195:4:197:Infinity":83,"b:195:26:196:Infinity:197:8:197:Infinity":16,"f:200:6:200:32":27,"s:201:4:201:Infinity":84,"f:204:6:204:36":28,"s:205:4:205:Infinity":85,"f:205:41:205:46":29,"s:205:46:205:57":86,"f:208:6:208:34":30,"b:209:4:213:Infinity:211:4:213:Infinity":17,"s:209:4:213:Infinity":87,"s:210:6:210:Infinity":88,"b:211:4:213:Infinity:undefined:undefined:undefined:undefined":18,"s:211:4:213:Infinity":89,"s:212:6:212:Infinity":90,"s:214:4:214:Infinity":91,"s:219:25:219:Infinity":92}}}
,"C:\\Users\\safro\\Documents\\4 курс 1 сем\\Песковацков\\web-programming-course-main\\web-programming-course-main\\lessons\\lr7\\src\\utils\\score.ts": {"path":"C:\\Users\\safro\\Documents\\4 курс 1 сем\\Песковацков\\web-programming-course-main\\web-programming-course-main\\lessons\\lr7\\src\\utils\\score.ts","statementMap":{"0":{"start":{"line":4,"column":4},"end":{"line":4,"column":null}},"1":{"start":{"line":4,"column":38},"end":{"line":4,"column":67}},"2":{"start":{"line":8,"column":4},"end":{"line":8,"column":null}},"3":{"start":{"line":8,"column":31},"end":{"line":8,"column":42}},"4":{"start":{"line":12,"column":4},"end":{"line":12,"column":null}},"5":{"start":{"line":12,"column":30},"end":{"line":12,"column":null}},"6":{"start":{"line":13,"column":20},"end":{"line":13,"column":null}},"7":{"start":{"line":14,"column":4},"end":{"line":14,"column":null}}},"fnMap":{"0":{"name":"calculateTotalScore","decl":{"start":{"line":3,"column":16},"end":{"line":3,"column":36}},"loc":{"start":{"line":3,"column":63},"end":{"line":5,"column":null}},"line":3},"1":{"name":"(anonymous_1)","decl":{"start":{"line":4,"column":26},"end":{"line":4,"column":27}},"loc":{"start":{"line":4,"column":38},"end":{"line":4,"column":67}},"line":4},"2":{"name":"getCorrectAnswersCount","decl":{"start":{"line":7,"column":16},"end":{"line":7,"column":39}},"loc":{"start":{"line":7,"column":66},"end":{"line":9,"column":null}},"line":7},"3":{"name":"(anonymous_3)","decl":{"start":{"line":8,"column":26},"end":{"line":8,"column":31}},"loc":{"start":{"line":8,"column":31},"end":{"line":8,"column":42}},"line":8},"4":{"name":"calculateAccuracy","decl":{"start":{"line":11,"column":16},"end":{"line":11,"column":34}},"loc":{"start":{"line":11,"column":61},"end":{"line":15,"column":null}},"line":11}},"branchMap":{"0":{"loc":{"start":{"line":4,"column":45},"end":{"line":4,"column":67}},"type":"binary-expr","locations":[{"start":{"line":4,"column":45},"end":{"line":4,"column":63}},{"start":{"line":4,"column":63},"end":{"line":4,"column":67}}],"line":4},"1":{"loc":{"start":{"line":12,"column":4},"end":{"line":12,"column":null}},"type":"if","locations":[{"start":{"line":12,"column":4},"end":{"line":12,"column":null}},{"start":{},"end":{}}],"line":12}},"s":{"0":4,"1":5,"2":5,"3":11,"4":3,"5":1,"6":2,"7":2},"f":{"0":4,"1":5,"2":5,"3":11,"4":3},"b":{"0":[5,1],"1":[1,2]},"meta":{"lastBranch":2,"lastFunction":5,"lastStatement":8,"seen":{"f:3:16:3:36":0,"s:4:4:4:Infinity":0,"f:4:26:4:27":1,"s:4:38:4:67":1,"b:4:45:4:63:4:63:4:67":0,"f:7:16:7:39":2,"s:8:4:8:Infinity":2,"f:8:26:8:31":3,"s:8:31:8:42":3,"f:11:16:11:34":4,"b:12:4:12:Infinity:undefined:undefined:undefined:undefined":1,"s:12:4:12:Infinity":4,"s:12:30:12:Infinity":5,"s:13:20:13:Infinity":6,"s:14:4:14:Infinity":7}}}
}
